[    5813ms] [ERROR] Load failed, error in settings @ https://cdn.vector.co/pixel.js:1
[    5813ms] [ERROR] No visitor ID available. Load may have failed. @ https://cdn.vector.co/pixel.js:1
[    5813ms] [ERROR] identify error: Error: No visitor ID available. Load may have failed.
    at https://cdn.vector.co/pixel.js:2:207588
    at Generator.<anonymous> (https://cdn.vector.co/pixel.js:2:201384)
    at Generator.next (https://cdn.vector.co/pixel.js:2:202214)
    at l (https://cdn.vector.co/pixel.js:2:202394)
    at a (https://cdn.vector.co/pixel.js:2:202596) @ https://cdn.vector.co/pixel.js:1
[    5817ms] Uncaught (in promise) Error: No visitor ID available. Load may have failed.
    at <anonymous> (https://cdn.vector.co/pixel.js:1:207587)
    at <anonymous> (https://cdn.vector.co/pixel.js:1:201383)
    at <anonymous> (https://cdn.vector.co/pixel.js:1:202213)
    at l (https://cdn.vector.co/pixel.js:1:202393)
    at a (https://cdn.vector.co/pixel.js:1:202595)
[   11304ms] [WARNING] The resource https://plane.so/_next/static/media/Inter_VariableFont_opsz%2Cwght-s.p.0oy~rb7-bgeiw.ttf?dpl=dpl_BaUi6jCjDCZxcEHS7ZSRzejKr4qa was preloaded using link preload but not used within a few seconds from the window's load event. Please make sure it has an appropriate `as` value and it is preloaded intentionally. @ https://plane.so/:0
[   11304ms] [WARNING] The resource https://plane.so/_next/static/media/Inter_Italic_VariableFont_opsz%2Cwght-s.p.14d-n12y7d6nf.ttf?dpl=dpl_BaUi6jCjDCZxcEHS7ZSRzejKr4qa was preloaded using link preload but not used within a few seconds from the window's load event. Please make sure it has an appropriate `as` value and it is preloaded intentionally. @ https://plane.so/:0
[   17684ms] [WARNING] The resource https://plane.so/_next/static/media/Inter_VariableFont_opsz%2Cwght-s.p.0oy~rb7-bgeiw.ttf?dpl=dpl_BaUi6jCjDCZxcEHS7ZSRzejKr4qa was preloaded using link preload but not used within a few seconds from the window's load event. Please make sure it has an appropriate `as` value and it is preloaded intentionally. @ https://plane.so/:0
[   17684ms] [WARNING] The resource https://plane.so/_next/static/media/Inter_Italic_VariableFont_opsz%2Cwght-s.p.14d-n12y7d6nf.ttf?dpl=dpl_BaUi6jCjDCZxcEHS7ZSRzejKr4qa was preloaded using link preload but not used within a few seconds from the window's load event. Please make sure it has an appropriate `as` value and it is preloaded intentionally. @ https://plane.so/:0
[   21266ms] [WARNING] The resource https://plane.so/_next/static/media/Inter_VariableFont_opsz%2Cwght-s.p.0oy~rb7-bgeiw.ttf?dpl=dpl_BaUi6jCjDCZxcEHS7ZSRzejKr4qa was preloaded using link preload but not used within a few seconds from the window's load event. Please make sure it has an appropriate `as` value and it is preloaded intentionally. @ https://plane.so/:0
[   21266ms] [WARNING] The resource https://plane.so/_next/static/media/Inter_Italic_VariableFont_opsz%2Cwght-s.p.14d-n12y7d6nf.ttf?dpl=dpl_BaUi6jCjDCZxcEHS7ZSRzejKr4qa was preloaded using link preload but not used within a few seconds from the window's load event. Please make sure it has an appropriate `as` value and it is preloaded intentionally. @ https://plane.so/:0
[   26496ms] [WARNING] The resource https://plane.so/_next/static/media/Inter_VariableFont_opsz%2Cwght-s.p.0oy~rb7-bgeiw.ttf?dpl=dpl_BaUi6jCjDCZxcEHS7ZSRzejKr4qa was preloaded using link preload but not used within a few seconds from the window's load event. Please make sure it has an appropriate `as` value and it is preloaded intentionally. @ https://plane.so/:0
[   26496ms] [WARNING] The resource https://plane.so/_next/static/media/Inter_Italic_VariableFont_opsz%2Cwght-s.p.14d-n12y7d6nf.ttf?dpl=dpl_BaUi6jCjDCZxcEHS7ZSRzejKr4qa was preloaded using link preload but not used within a few seconds from the window's load event. Please make sure it has an appropriate `as` value and it is preloaded intentionally. @ https://plane.so/:0
[   32223ms] [WARNING] The resource https://plane.so/_next/static/media/Inter_VariableFont_opsz%2Cwght-s.p.0oy~rb7-bgeiw.ttf?dpl=dpl_BaUi6jCjDCZxcEHS7ZSRzejKr4qa was preloaded using link preload but not used within a few seconds from the window's load event. Please make sure it has an appropriate `as` value and it is preloaded intentionally. @ https://plane.so/:0
[   32223ms] [WARNING] The resource https://plane.so/_next/static/media/Inter_Italic_VariableFont_opsz%2Cwght-s.p.14d-n12y7d6nf.ttf?dpl=dpl_BaUi6jCjDCZxcEHS7ZSRzejKr4qa was preloaded using link preload but not used within a few seconds from the window's load event. Please make sure it has an appropriate `as` value and it is preloaded intentionally. @ https://plane.so/:0
[   71585ms] [WARNING] Canvas2D: Multiple readback operations using getImageData are faster with the willReadFrequently attribute set to true. See: https://html.spec.whatwg.org/multipage/canvas.html#concept-canvas-will-read-frequently @ https://app.plane.so/assets/store-context-DyO2L-n0.js:110
[   71869ms] [ERROR] Error: Minified React error #418; visit https://reactjs.org/docs/error-decoder.html?invariant=418 for the full message or use the non-minified dev environment for full errors and additional helpful warnings.
    at Ba (https://app.plane.so/assets/react-dom-CJadCoYo.js:6:4758)
    at Ul (https://app.plane.so/assets/react-dom-CJadCoYo.js:8:45057)
    at Nl (https://app.plane.so/assets/react-dom-CJadCoYo.js:8:39306)
    at Ml (https://app.plane.so/assets/react-dom-CJadCoYo.js:8:39279)
    at _l (https://app.plane.so/assets/react-dom-CJadCoYo.js:8:34367)
    at te (https://app.plane.so/assets/react-dom-CJadCoYo.js:1:2012)
    at MessagePort.se (https://app.plane.so/assets/react-dom-CJadCoYo.js:1:2382) @ https://app.plane.so/assets/index.client-AdRCtK6q.js:1
[   71890ms] Error: Minified React error #418; visit https://reactjs.org/docs/error-decoder.html?invariant=418 for the full message or use the non-minified dev environment for full errors and additional helpful warnings.
    at Ba (https://app.plane.so/assets/react-dom-CJadCoYo.js:6:4758)
    at Ul (https://app.plane.so/assets/react-dom-CJadCoYo.js:8:45057)
    at Nl (https://app.plane.so/assets/react-dom-CJadCoYo.js:8:39306)
    at Ml (https://app.plane.so/assets/react-dom-CJadCoYo.js:8:39279)
    at _l (https://app.plane.so/assets/react-dom-CJadCoYo.js:8:34367)
    at te (https://app.plane.so/assets/react-dom-CJadCoYo.js:1:2012)
    at MessagePort.se (https://app.plane.so/assets/react-dom-CJadCoYo.js:1:2382)
[   71891ms] Error: Minified React error #418; visit https://reactjs.org/docs/error-decoder.html?invariant=418 for the full message or use the non-minified dev environment for full errors and additional helpful warnings.
    at Ba (https://app.plane.so/assets/react-dom-CJadCoYo.js:6:4758)
    at Ul (https://app.plane.so/assets/react-dom-CJadCoYo.js:8:45057)
    at Nl (https://app.plane.so/assets/react-dom-CJadCoYo.js:8:39306)
    at Ml (https://app.plane.so/assets/react-dom-CJadCoYo.js:8:39279)
    at _l (https://app.plane.so/assets/react-dom-CJadCoYo.js:8:34367)
    at te (https://app.plane.so/assets/react-dom-CJadCoYo.js:1:2012)
    at MessagePort.se (https://app.plane.so/assets/react-dom-CJadCoYo.js:1:2382)
[   71891ms] Error: Minified React error #418; visit https://reactjs.org/docs/error-decoder.html?invariant=418 for the full message or use the non-minified dev environment for full errors and additional helpful warnings.
    at Ba (https://app.plane.so/assets/react-dom-CJadCoYo.js:6:4758)
    at Ul (https://app.plane.so/assets/react-dom-CJadCoYo.js:8:45057)
    at Nl (https://app.plane.so/assets/react-dom-CJadCoYo.js:8:39306)
    at Ml (https://app.plane.so/assets/react-dom-CJadCoYo.js:8:39279)
    at _l (https://app.plane.so/assets/react-dom-CJadCoYo.js:8:34367)
    at te (https://app.plane.so/assets/react-dom-CJadCoYo.js:1:2012)
    at MessagePort.se (https://app.plane.so/assets/react-dom-CJadCoYo.js:1:2382)
[   71891ms] Error: Minified React error #418; visit https://reactjs.org/docs/error-decoder.html?invariant=418 for the full message or use the non-minified dev environment for full errors and additional helpful warnings.
    at Ba (https://app.plane.so/assets/react-dom-CJadCoYo.js:6:4758)
    at Ul (https://app.plane.so/assets/react-dom-CJadCoYo.js:8:45057)
    at Nl (https://app.plane.so/assets/react-dom-CJadCoYo.js:8:39306)
    at Ml (https://app.plane.so/assets/react-dom-CJadCoYo.js:8:39279)
    at _l (https://app.plane.so/assets/react-dom-CJadCoYo.js:8:34367)
    at te (https://app.plane.so/assets/react-dom-CJadCoYo.js:1:2012)
    at MessagePort.se (https://app.plane.so/assets/react-dom-CJadCoYo.js:1:2382)
[   71891ms] Error: Minified React error #418; visit https://reactjs.org/docs/error-decoder.html?invariant=418 for the full message or use the non-minified dev environment for full errors and additional helpful warnings.
    at Ba (https://app.plane.so/assets/react-dom-CJadCoYo.js:6:4758)
    at Ul (https://app.plane.so/assets/react-dom-CJadCoYo.js:8:45057)
    at Nl (https://app.plane.so/assets/react-dom-CJadCoYo.js:8:39306)
    at Ml (https://app.plane.so/assets/react-dom-CJadCoYo.js:8:39279)
    at _l (https://app.plane.so/assets/react-dom-CJadCoYo.js:8:34367)
    at te (https://app.plane.so/assets/react-dom-CJadCoYo.js:1:2012)
    at MessagePort.se (https://app.plane.so/assets/react-dom-CJadCoYo.js:1:2382)
[   71892ms] Error: Minified React error #418; visit https://reactjs.org/docs/error-decoder.html?invariant=418 for the full message or use the non-minified dev environment for full errors and additional helpful warnings.
    at Ba (https://app.plane.so/assets/react-dom-CJadCoYo.js:6:4758)
    at Ul (https://app.plane.so/assets/react-dom-CJadCoYo.js:8:45057)
    at Nl (https://app.plane.so/assets/react-dom-CJadCoYo.js:8:39306)
    at Ml (https://app.plane.so/assets/react-dom-CJadCoYo.js:8:39279)
    at _l (https://app.plane.so/assets/react-dom-CJadCoYo.js:8:34367)
    at te (https://app.plane.so/assets/react-dom-CJadCoYo.js:1:2012)
    at MessagePort.se (https://app.plane.so/assets/react-dom-CJadCoYo.js:1:2382)
[   71893ms] Error: Minified React error #418; visit https://reactjs.org/docs/error-decoder.html?invariant=418 for the full message or use the non-minified dev environment for full errors and additional helpful warnings.
    at Ba (https://app.plane.so/assets/react-dom-CJadCoYo.js:6:4758)
    at Ul (https://app.plane.so/assets/react-dom-CJadCoYo.js:8:45057)
    at Nl (https://app.plane.so/assets/react-dom-CJadCoYo.js:8:39306)
    at Ml (https://app.plane.so/assets/react-dom-CJadCoYo.js:8:39279)
    at _l (https://app.plane.so/assets/react-dom-CJadCoYo.js:8:34367)
    at te (https://app.plane.so/assets/react-dom-CJadCoYo.js:1:2012)
    at MessagePort.se (https://app.plane.so/assets/react-dom-CJadCoYo.js:1:2382)
[   71893ms] Error: Minified React error #418; visit https://reactjs.org/docs/error-decoder.html?invariant=418 for the full message or use the non-minified dev environment for full errors and additional helpful warnings.
    at Ba (https://app.plane.so/assets/react-dom-CJadCoYo.js:6:4758)
    at Ul (https://app.plane.so/assets/react-dom-CJadCoYo.js:8:45057)
    at Nl (https://app.plane.so/assets/react-dom-CJadCoYo.js:8:39306)
    at Ml (https://app.plane.so/assets/react-dom-CJadCoYo.js:8:39279)
    at _l (https://app.plane.so/assets/react-dom-CJadCoYo.js:8:34367)
    at te (https://app.plane.so/assets/react-dom-CJadCoYo.js:1:2012)
    at MessagePort.se (https://app.plane.so/assets/react-dom-CJadCoYo.js:1:2382)
[   71894ms] Error: Minified React error #418; visit https://reactjs.org/docs/error-decoder.html?invariant=418 for the full message or use the non-minified dev environment for full errors and additional helpful warnings.
    at Ba (https://app.plane.so/assets/react-dom-CJadCoYo.js:6:4758)
    at Ul (https://app.plane.so/assets/react-dom-CJadCoYo.js:8:45057)
    at Nl (https://app.plane.so/assets/react-dom-CJadCoYo.js:8:39306)
    at Ml (https://app.plane.so/assets/react-dom-CJadCoYo.js:8:39279)
    at _l (https://app.plane.so/assets/react-dom-CJadCoYo.js:8:34367)
    at te (https://app.plane.so/assets/react-dom-CJadCoYo.js:1:2012)
    at MessagePort.se (https://app.plane.so/assets/react-dom-CJadCoYo.js:1:2382)
[   71894ms] Error: Minified React error #418; visit https://reactjs.org/docs/error-decoder.html?invariant=418 for the full message or use the non-minified dev environment for full errors and additional helpful warnings.
    at Ba (https://app.plane.so/assets/react-dom-CJadCoYo.js:6:4758)
    at Ul (https://app.plane.so/assets/react-dom-CJadCoYo.js:8:45057)
    at Nl (https://app.plane.so/assets/react-dom-CJadCoYo.js:8:39306)
    at Ml (https://app.plane.so/assets/react-dom-CJadCoYo.js:8:39279)
    at _l (https://app.plane.so/assets/react-dom-CJadCoYo.js:8:34367)
    at te (https://app.plane.so/assets/react-dom-CJadCoYo.js:1:2012)
    at MessagePort.se (https://app.plane.so/assets/react-dom-CJadCoYo.js:1:2382)
[   71895ms] Error: Minified React error #418; visit https://reactjs.org/docs/error-decoder.html?invariant=418 for the full message or use the non-minified dev environment for full errors and additional helpful warnings.
    at Ba (https://app.plane.so/assets/react-dom-CJadCoYo.js:6:4758)
    at Ul (https://app.plane.so/assets/react-dom-CJadCoYo.js:8:45057)
    at Nl (https://app.plane.so/assets/react-dom-CJadCoYo.js:8:39306)
    at Ml (https://app.plane.so/assets/react-dom-CJadCoYo.js:8:39279)
    at _l (https://app.plane.so/assets/react-dom-CJadCoYo.js:8:34367)
    at te (https://app.plane.so/assets/react-dom-CJadCoYo.js:1:2012)
    at MessagePort.se (https://app.plane.so/assets/react-dom-CJadCoYo.js:1:2382)
[   71895ms] Error: Minified React error #418; visit https://reactjs.org/docs/error-decoder.html?invariant=418 for the full message or use the non-minified dev environment for full errors and additional helpful warnings.
    at Ba (https://app.plane.so/assets/react-dom-CJadCoYo.js:6:4758)
    at Ul (https://app.plane.so/assets/react-dom-CJadCoYo.js:8:45057)
    at Nl (https://app.plane.so/assets/react-dom-CJadCoYo.js:8:39306)
    at Ml (https://app.plane.so/assets/react-dom-CJadCoYo.js:8:39279)
    at _l (https://app.plane.so/assets/react-dom-CJadCoYo.js:8:34367)
    at te (https://app.plane.so/assets/react-dom-CJadCoYo.js:1:2012)
    at MessagePort.se (https://app.plane.so/assets/react-dom-CJadCoYo.js:1:2382)
[   71896ms] Error: Minified React error #418; visit https://reactjs.org/docs/error-decoder.html?invariant=418 for the full message or use the non-minified dev environment for full errors and additional helpful warnings.
    at Ba (https://app.plane.so/assets/react-dom-CJadCoYo.js:6:4758)
    at Ul (https://app.plane.so/assets/react-dom-CJadCoYo.js:8:45057)
    at Nl (https://app.plane.so/assets/react-dom-CJadCoYo.js:8:39306)
    at Ml (https://app.plane.so/assets/react-dom-CJadCoYo.js:8:39279)
    at _l (https://app.plane.so/assets/react-dom-CJadCoYo.js:8:34367)
    at te (https://app.plane.so/assets/react-dom-CJadCoYo.js:1:2012)
    at MessagePort.se (https://app.plane.so/assets/react-dom-CJadCoYo.js:1:2382)
[   71897ms] Error: Minified React error #418; visit https://reactjs.org/docs/error-decoder.html?invariant=418 for the full message or use the non-minified dev environment for full errors and additional helpful warnings.
    at Ba (https://app.plane.so/assets/react-dom-CJadCoYo.js:6:4758)
    at Ul (https://app.plane.so/assets/react-dom-CJadCoYo.js:8:45057)
    at Nl (https://app.plane.so/assets/react-dom-CJadCoYo.js:8:39306)
    at Ml (https://app.plane.so/assets/react-dom-CJadCoYo.js:8:39279)
    at _l (https://app.plane.so/assets/react-dom-CJadCoYo.js:8:34367)
    at te (https://app.plane.so/assets/react-dom-CJadCoYo.js:1:2012)
    at MessagePort.se (https://app.plane.so/assets/react-dom-CJadCoYo.js:1:2382)
[   71897ms] Error: Minified React error #418; visit https://reactjs.org/docs/error-decoder.html?invariant=418 for the full message or use the non-minified dev environment for full errors and additional helpful warnings.
    at Ba (https://app.plane.so/assets/react-dom-CJadCoYo.js:6:4758)
    at Ul (https://app.plane.so/assets/react-dom-CJadCoYo.js:8:45057)
    at Nl (https://app.plane.so/assets/react-dom-CJadCoYo.js:8:39306)
    at Ml (https://app.plane.so/assets/react-dom-CJadCoYo.js:8:39279)
    at _l (https://app.plane.so/assets/react-dom-CJadCoYo.js:8:34367)
    at te (https://app.plane.so/assets/react-dom-CJadCoYo.js:1:2012)
    at MessagePort.se (https://app.plane.so/assets/react-dom-CJadCoYo.js:1:2382)
[   71897ms] Error: Minified React error #418; visit https://reactjs.org/docs/error-decoder.html?invariant=418 for the full message or use the non-minified dev environment for full errors and additional helpful warnings.
    at Ba (https://app.plane.so/assets/react-dom-CJadCoYo.js:6:4758)
    at Ul (https://app.plane.so/assets/react-dom-CJadCoYo.js:8:45057)
    at Nl (https://app.plane.so/assets/react-dom-CJadCoYo.js:8:39306)
    at Ml (https://app.plane.so/assets/react-dom-CJadCoYo.js:8:39279)
    at _l (https://app.plane.so/assets/react-dom-CJadCoYo.js:8:34367)
    at te (https://app.plane.so/assets/react-dom-CJadCoYo.js:1:2012)
    at MessagePort.se (https://app.plane.so/assets/react-dom-CJadCoYo.js:1:2382)
[   71898ms] Error: Minified React error #418; visit https://reactjs.org/docs/error-decoder.html?invariant=418 for the full message or use the non-minified dev environment for full errors and additional helpful warnings.
    at Ba (https://app.plane.so/assets/react-dom-CJadCoYo.js:6:4758)
    at Ul (https://app.plane.so/assets/react-dom-CJadCoYo.js:8:45057)
    at Nl (https://app.plane.so/assets/react-dom-CJadCoYo.js:8:39306)
    at Ml (https://app.plane.so/assets/react-dom-CJadCoYo.js:8:39279)
    at _l (https://app.plane.so/assets/react-dom-CJadCoYo.js:8:34367)
    at te (https://app.plane.so/assets/react-dom-CJadCoYo.js:1:2012)
    at MessagePort.se (https://app.plane.so/assets/react-dom-CJadCoYo.js:1:2382)
[   71899ms] Error: Minified React error #418; visit https://reactjs.org/docs/error-decoder.html?invariant=418 for the full message or use the non-minified dev environment for full errors and additional helpful warnings.
    at Ba (https://app.plane.so/assets/react-dom-CJadCoYo.js:6:4758)
    at Ul (https://app.plane.so/assets/react-dom-CJadCoYo.js:8:45057)
    at Nl (https://app.plane.so/assets/react-dom-CJadCoYo.js:8:39306)
    at Ml (https://app.plane.so/assets/react-dom-CJadCoYo.js:8:39279)
    at _l (https://app.plane.so/assets/react-dom-CJadCoYo.js:8:34367)
    at te (https://app.plane.so/assets/react-dom-CJadCoYo.js:1:2012)
    at MessagePort.se (https://app.plane.so/assets/react-dom-CJadCoYo.js:1:2382)
[   71899ms] Error: Minified React error #418; visit https://reactjs.org/docs/error-decoder.html?invariant=418 for the full message or use the non-minified dev environment for full errors and additional helpful warnings.
    at Ba (https://app.plane.so/assets/react-dom-CJadCoYo.js:6:4758)
    at Ul (https://app.plane.so/assets/react-dom-CJadCoYo.js:8:45057)
    at Nl (https://app.plane.so/assets/react-dom-CJadCoYo.js:8:39306)
    at Ml (https://app.plane.so/assets/react-dom-CJadCoYo.js:8:39279)
    at _l (https://app.plane.so/assets/react-dom-CJadCoYo.js:8:34367)
    at te (https://app.plane.so/assets/react-dom-CJadCoYo.js:1:2012)
    at MessagePort.se (https://app.plane.so/assets/react-dom-CJadCoYo.js:1:2382)
[   71900ms] Error: Minified React error #418; visit https://reactjs.org/docs/error-decoder.html?invariant=418 for the full message or use the non-minified dev environment for full errors and additional helpful warnings.
    at Ba (https://app.plane.so/assets/react-dom-CJadCoYo.js:6:4758)
    at Ul (https://app.plane.so/assets/react-dom-CJadCoYo.js:8:45057)
    at Nl (https://app.plane.so/assets/react-dom-CJadCoYo.js:8:39306)
    at Ml (https://app.plane.so/assets/react-dom-CJadCoYo.js:8:39279)
    at _l (https://app.plane.so/assets/react-dom-CJadCoYo.js:8:34367)
    at te (https://app.plane.so/assets/react-dom-CJadCoYo.js:1:2012)
    at MessagePort.se (https://app.plane.so/assets/react-dom-CJadCoYo.js:1:2382)
[   71900ms] Error: Minified React error #418; visit https://reactjs.org/docs/error-decoder.html?invariant=418 for the full message or use the non-minified dev environment for full errors and additional helpful warnings.
    at Ba (https://app.plane.so/assets/react-dom-CJadCoYo.js:6:4758)
    at Ul (https://app.plane.so/assets/react-dom-CJadCoYo.js:8:45057)
    at Nl (https://app.plane.so/assets/react-dom-CJadCoYo.js:8:39306)
    at Ml (https://app.plane.so/assets/react-dom-CJadCoYo.js:8:39279)
    at _l (https://app.plane.so/assets/react-dom-CJadCoYo.js:8:34367)
    at te (https://app.plane.so/assets/react-dom-CJadCoYo.js:1:2012)
    at MessagePort.se (https://app.plane.so/assets/react-dom-CJadCoYo.js:1:2382)
[   71901ms] Error: Minified React error #418; visit https://reactjs.org/docs/error-decoder.html?invariant=418 for the full message or use the non-minified dev environment for full errors and additional helpful warnings.
    at Ba (https://app.plane.so/assets/react-dom-CJadCoYo.js:6:4758)
    at Ul (https://app.plane.so/assets/react-dom-CJadCoYo.js:8:45057)
    at Nl (https://app.plane.so/assets/react-dom-CJadCoYo.js:8:39306)
    at Ml (https://app.plane.so/assets/react-dom-CJadCoYo.js:8:39279)
    at _l (https://app.plane.so/assets/react-dom-CJadCoYo.js:8:34367)
    at te (https://app.plane.so/assets/react-dom-CJadCoYo.js:1:2012)
    at MessagePort.se (https://app.plane.so/assets/react-dom-CJadCoYo.js:1:2382)
[   71901ms] Error: Minified React error #418; visit https://reactjs.org/docs/error-decoder.html?invariant=418 for the full message or use the non-minified dev environment for full errors and additional helpful warnings.
    at Ba (https://app.plane.so/assets/react-dom-CJadCoYo.js:6:4758)
    at Ul (https://app.plane.so/assets/react-dom-CJadCoYo.js:8:45057)
    at Nl (https://app.plane.so/assets/react-dom-CJadCoYo.js:8:39306)
    at Ml (https://app.plane.so/assets/react-dom-CJadCoYo.js:8:39279)
    at _l (https://app.plane.so/assets/react-dom-CJadCoYo.js:8:34367)
    at te (https://app.plane.so/assets/react-dom-CJadCoYo.js:1:2012)
    at MessagePort.se (https://app.plane.so/assets/react-dom-CJadCoYo.js:1:2382)
[   71902ms] Error: Minified React error #418; visit https://reactjs.org/docs/error-decoder.html?invariant=418 for the full message or use the non-minified dev environment for full errors and additional helpful warnings.
    at Ba (https://app.plane.so/assets/react-dom-CJadCoYo.js:6:4758)
    at Ul (https://app.plane.so/assets/react-dom-CJadCoYo.js:8:45057)
    at Nl (https://app.plane.so/assets/react-dom-CJadCoYo.js:8:39306)
    at Ml (https://app.plane.so/assets/react-dom-CJadCoYo.js:8:39279)
    at _l (https://app.plane.so/assets/react-dom-CJadCoYo.js:8:34367)
    at te (https://app.plane.so/assets/react-dom-CJadCoYo.js:1:2012)
    at MessagePort.se (https://app.plane.so/assets/react-dom-CJadCoYo.js:1:2382)
[   71903ms] Error: Minified React error #418; visit https://reactjs.org/docs/error-decoder.html?invariant=418 for the full message or use the non-minified dev environment for full errors and additional helpful warnings.
    at Ba (https://app.plane.so/assets/react-dom-CJadCoYo.js:6:4758)
    at Ul (https://app.plane.so/assets/react-dom-CJadCoYo.js:8:45057)
    at Nl (https://app.plane.so/assets/react-dom-CJadCoYo.js:8:39306)
    at Ml (https://app.plane.so/assets/react-dom-CJadCoYo.js:8:39279)
    at _l (https://app.plane.so/assets/react-dom-CJadCoYo.js:8:34367)
    at te (https://app.plane.so/assets/react-dom-CJadCoYo.js:1:2012)
    at MessagePort.se (https://app.plane.so/assets/react-dom-CJadCoYo.js:1:2382)
[   71903ms] Error: Minified React error #418; visit https://reactjs.org/docs/error-decoder.html?invariant=418 for the full message or use the non-minified dev environment for full errors and additional helpful warnings.
    at Ba (https://app.plane.so/assets/react-dom-CJadCoYo.js:6:4758)
    at Ul (https://app.plane.so/assets/react-dom-CJadCoYo.js:8:45057)
    at Nl (https://app.plane.so/assets/react-dom-CJadCoYo.js:8:39306)
    at Ml (https://app.plane.so/assets/react-dom-CJadCoYo.js:8:39279)
    at _l (https://app.plane.so/assets/react-dom-CJadCoYo.js:8:34367)
    at te (https://app.plane.so/assets/react-dom-CJadCoYo.js:1:2012)
    at MessagePort.se (https://app.plane.so/assets/react-dom-CJadCoYo.js:1:2382)
[   71904ms] Error: Minified React error #418; visit https://reactjs.org/docs/error-decoder.html?invariant=418 for the full message or use the non-minified dev environment for full errors and additional helpful warnings.
    at Ba (https://app.plane.so/assets/react-dom-CJadCoYo.js:6:4758)
    at Ul (https://app.plane.so/assets/react-dom-CJadCoYo.js:8:45057)
    at Nl (https://app.plane.so/assets/react-dom-CJadCoYo.js:8:39306)
    at Ml (https://app.plane.so/assets/react-dom-CJadCoYo.js:8:39279)
    at _l (https://app.plane.so/assets/react-dom-CJadCoYo.js:8:34367)
    at te (https://app.plane.so/assets/react-dom-CJadCoYo.js:1:2012)
    at MessagePort.se (https://app.plane.so/assets/react-dom-CJadCoYo.js:1:2382)
[   71904ms] Error: Minified React error #418; visit https://reactjs.org/docs/error-decoder.html?invariant=418 for the full message or use the non-minified dev environment for full errors and additional helpful warnings.
    at Ba (https://app.plane.so/assets/react-dom-CJadCoYo.js:6:4758)
    at Ul (https://app.plane.so/assets/react-dom-CJadCoYo.js:8:45057)
    at Nl (https://app.plane.so/assets/react-dom-CJadCoYo.js:8:39306)
    at Ml (https://app.plane.so/assets/react-dom-CJadCoYo.js:8:39279)
    at _l (https://app.plane.so/assets/react-dom-CJadCoYo.js:8:34367)
    at te (https://app.plane.so/assets/react-dom-CJadCoYo.js:1:2012)
    at MessagePort.se (https://app.plane.so/assets/react-dom-CJadCoYo.js:1:2382)
[   71904ms] Error: Minified React error #418; visit https://reactjs.org/docs/error-decoder.html?invariant=418 for the full message or use the non-minified dev environment for full errors and additional helpful warnings.
    at Ba (https://app.plane.so/assets/react-dom-CJadCoYo.js:6:4758)
    at Ul (https://app.plane.so/assets/react-dom-CJadCoYo.js:8:45057)
    at Nl (https://app.plane.so/assets/react-dom-CJadCoYo.js:8:39306)
    at Ml (https://app.plane.so/assets/react-dom-CJadCoYo.js:8:39279)
    at _l (https://app.plane.so/assets/react-dom-CJadCoYo.js:8:34367)
    at te (https://app.plane.so/assets/react-dom-CJadCoYo.js:1:2012)
    at MessagePort.se (https://app.plane.so/assets/react-dom-CJadCoYo.js:1:2382)
[   71904ms] Error: Minified React error #418; visit https://reactjs.org/docs/error-decoder.html?invariant=418 for the full message or use the non-minified dev environment for full errors and additional helpful warnings.
    at Ba (https://app.plane.so/assets/react-dom-CJadCoYo.js:6:4758)
    at Ul (https://app.plane.so/assets/react-dom-CJadCoYo.js:8:45057)
    at Nl (https://app.plane.so/assets/react-dom-CJadCoYo.js:8:39306)
    at Ml (https://app.plane.so/assets/react-dom-CJadCoYo.js:8:39279)
    at _l (https://app.plane.so/assets/react-dom-CJadCoYo.js:8:34367)
    at te (https://app.plane.so/assets/react-dom-CJadCoYo.js:1:2012)
    at MessagePort.se (https://app.plane.so/assets/react-dom-CJadCoYo.js:1:2382)
[   71905ms] Error: Minified React error #418; visit https://reactjs.org/docs/error-decoder.html?invariant=418 for the full message or use the non-minified dev environment for full errors and additional helpful warnings.
    at Ba (https://app.plane.so/assets/react-dom-CJadCoYo.js:6:4758)
    at Ul (https://app.plane.so/assets/react-dom-CJadCoYo.js:8:45057)
    at Nl (https://app.plane.so/assets/react-dom-CJadCoYo.js:8:39306)
    at Ml (https://app.plane.so/assets/react-dom-CJadCoYo.js:8:39279)
    at _l (https://app.plane.so/assets/react-dom-CJadCoYo.js:8:34367)
    at te (https://app.plane.so/assets/react-dom-CJadCoYo.js:1:2012)
    at MessagePort.se (https://app.plane.so/assets/react-dom-CJadCoYo.js:1:2382)
[   71905ms] Error: Minified React error #418; visit https://reactjs.org/docs/error-decoder.html?invariant=418 for the full message or use the non-minified dev environment for full errors and additional helpful warnings.
    at Ba (https://app.plane.so/assets/react-dom-CJadCoYo.js:6:4758)
    at Ul (https://app.plane.so/assets/react-dom-CJadCoYo.js:8:45057)
    at Nl (https://app.plane.so/assets/react-dom-CJadCoYo.js:8:39306)
    at Ml (https://app.plane.so/assets/react-dom-CJadCoYo.js:8:39279)
    at _l (https://app.plane.so/assets/react-dom-CJadCoYo.js:8:34367)
    at te (https://app.plane.so/assets/react-dom-CJadCoYo.js:1:2012)
    at MessagePort.se (https://app.plane.so/assets/react-dom-CJadCoYo.js:1:2382)
[   71906ms] Error: Minified React error #418; visit https://reactjs.org/docs/error-decoder.html?invariant=418 for the full message or use the non-minified dev environment for full errors and additional helpful warnings.
    at Ba (https://app.plane.so/assets/react-dom-CJadCoYo.js:6:4758)
    at Ul (https://app.plane.so/assets/react-dom-CJadCoYo.js:8:45057)
    at Nl (https://app.plane.so/assets/react-dom-CJadCoYo.js:8:39306)
    at Ml (https://app.plane.so/assets/react-dom-CJadCoYo.js:8:39279)
    at _l (https://app.plane.so/assets/react-dom-CJadCoYo.js:8:34367)
    at te (https://app.plane.so/assets/react-dom-CJadCoYo.js:1:2012)
    at MessagePort.se (https://app.plane.so/assets/react-dom-CJadCoYo.js:1:2382)
[   71907ms] Error: Minified React error #418; visit https://reactjs.org/docs/error-decoder.html?invariant=418 for the full message or use the non-minified dev environment for full errors and additional helpful warnings.
    at Ba (https://app.plane.so/assets/react-dom-CJadCoYo.js:6:4758)
    at Ul (https://app.plane.so/assets/react-dom-CJadCoYo.js:8:45057)
    at Nl (https://app.plane.so/assets/react-dom-CJadCoYo.js:8:39306)
    at Ml (https://app.plane.so/assets/react-dom-CJadCoYo.js:8:39279)
    at _l (https://app.plane.so/assets/react-dom-CJadCoYo.js:8:34367)
    at te (https://app.plane.so/assets/react-dom-CJadCoYo.js:1:2012)
    at MessagePort.se (https://app.plane.so/assets/react-dom-CJadCoYo.js:1:2382)
[   71907ms] Error: Minified React error #418; visit https://reactjs.org/docs/error-decoder.html?invariant=418 for the full message or use the non-minified dev environment for full errors and additional helpful warnings.
    at Ba (https://app.plane.so/assets/react-dom-CJadCoYo.js:6:4758)
    at Ul (https://app.plane.so/assets/react-dom-CJadCoYo.js:8:45057)
    at Nl (https://app.plane.so/assets/react-dom-CJadCoYo.js:8:39306)
    at Ml (https://app.plane.so/assets/react-dom-CJadCoYo.js:8:39279)
    at _l (https://app.plane.so/assets/react-dom-CJadCoYo.js:8:34367)
    at te (https://app.plane.so/assets/react-dom-CJadCoYo.js:1:2012)
    at MessagePort.se (https://app.plane.so/assets/react-dom-CJadCoYo.js:1:2382)
[   71908ms] Error: Minified React error #418; visit https://reactjs.org/docs/error-decoder.html?invariant=418 for the full message or use the non-minified dev environment for full errors and additional helpful warnings.
    at Ba (https://app.plane.so/assets/react-dom-CJadCoYo.js:6:4758)
    at Ul (https://app.plane.so/assets/react-dom-CJadCoYo.js:8:45057)
    at Nl (https://app.plane.so/assets/react-dom-CJadCoYo.js:8:39306)
    at Ml (https://app.plane.so/assets/react-dom-CJadCoYo.js:8:39279)
    at _l (https://app.plane.so/assets/react-dom-CJadCoYo.js:8:34367)
    at te (https://app.plane.so/assets/react-dom-CJadCoYo.js:1:2012)
    at MessagePort.se (https://app.plane.so/assets/react-dom-CJadCoYo.js:1:2382)
[   71909ms] Error: Minified React error #418; visit https://reactjs.org/docs/error-decoder.html?invariant=418 for the full message or use the non-minified dev environment for full errors and additional helpful warnings.
    at Ba (https://app.plane.so/assets/react-dom-CJadCoYo.js:6:4758)
    at Ul (https://app.plane.so/assets/react-dom-CJadCoYo.js:8:45057)
    at Nl (https://app.plane.so/assets/react-dom-CJadCoYo.js:8:39306)
    at Ml (https://app.plane.so/assets/react-dom-CJadCoYo.js:8:39279)
    at _l (https://app.plane.so/assets/react-dom-CJadCoYo.js:8:34367)
    at te (https://app.plane.so/assets/react-dom-CJadCoYo.js:1:2012)
    at MessagePort.se (https://app.plane.so/assets/react-dom-CJadCoYo.js:1:2382)
[   71909ms] Error: Minified React error #418; visit https://reactjs.org/docs/error-decoder.html?invariant=418 for the full message or use the non-minified dev environment for full errors and additional helpful warnings.
    at Ba (https://app.plane.so/assets/react-dom-CJadCoYo.js:6:4758)
    at Ul (https://app.plane.so/assets/react-dom-CJadCoYo.js:8:45057)
    at Nl (https://app.plane.so/assets/react-dom-CJadCoYo.js:8:39306)
    at Ml (https://app.plane.so/assets/react-dom-CJadCoYo.js:8:39279)
    at _l (https://app.plane.so/assets/react-dom-CJadCoYo.js:8:34367)
    at te (https://app.plane.so/assets/react-dom-CJadCoYo.js:1:2012)
    at MessagePort.se (https://app.plane.so/assets/react-dom-CJadCoYo.js:1:2382)
[   71909ms] Error: Minified React error #418; visit https://reactjs.org/docs/error-decoder.html?invariant=418 for the full message or use the non-minified dev environment for full errors and additional helpful warnings.
    at Ba (https://app.plane.so/assets/react-dom-CJadCoYo.js:6:4758)
    at Ul (https://app.plane.so/assets/react-dom-CJadCoYo.js:8:45057)
    at Nl (https://app.plane.so/assets/react-dom-CJadCoYo.js:8:39306)
    at Ml (https://app.plane.so/assets/react-dom-CJadCoYo.js:8:39279)
    at _l (https://app.plane.so/assets/react-dom-CJadCoYo.js:8:34367)
    at te (https://app.plane.so/assets/react-dom-CJadCoYo.js:1:2012)
    at MessagePort.se (https://app.plane.so/assets/react-dom-CJadCoYo.js:1:2382)
[   71913ms] Error: Minified React error #423; visit https://reactjs.org/docs/error-decoder.html?invariant=423 for the full message or use the non-minified dev environment for full errors and additional helpful warnings.
    at Ul (https://app.plane.so/assets/react-dom-CJadCoYo.js:8:44720)
    at Nl (https://app.plane.so/assets/react-dom-CJadCoYo.js:8:39306)
    at jl (https://app.plane.so/assets/react-dom-CJadCoYo.js:8:39237)
    at Al (https://app.plane.so/assets/react-dom-CJadCoYo.js:8:39097)
    at vl (https://app.plane.so/assets/react-dom-CJadCoYo.js:8:35533)
    at _l (https://app.plane.so/assets/react-dom-CJadCoYo.js:8:34499)
    at te (https://app.plane.so/assets/react-dom-CJadCoYo.js:1:2012)
    at MessagePort.se (https://app.plane.so/assets/react-dom-CJadCoYo.js:1:2382)
[   71952ms] Uncaught (in promise) TypeError: Cannot read properties of undefined (reading 'children')
    at Bi (https://scripts.clarity.ms/0.8.66/clarity.js:1:38439)
    at Yi (https://scripts.clarity.ms/0.8.66/clarity.js:1:30441)
    at <anonymous> (https://scripts.clarity.ms/0.8.66/clarity.js:1:26747)
    at <anonymous> (https://scripts.clarity.ms/0.8.66/clarity.js:1:6498)
    at <anonymous> (https://scripts.clarity.ms/0.8.66/clarity.js:1:6603)
    at <anonymous> (https://scripts.clarity.ms/0.8.66/clarity.js:1:5518)
    at $n (https://scripts.clarity.ms/0.8.66/clarity.js:1:5263)
    at Ii (https://scripts.clarity.ms/0.8.66/clarity.js:1:26456)
    at <anonymous> (https://scripts.clarity.ms/0.8.66/clarity.js:1:25321)
    at <anonymous> (https://scripts.clarity.ms/0.8.66/clarity.js:1:6498)
    at <anonymous> (https://scripts.clarity.ms/0.8.66/clarity.js:1:6603)
    at <anonymous> (https://scripts.clarity.ms/0.8.66/clarity.js:1:5518)
    at $n (https://scripts.clarity.ms/0.8.66/clarity.js:1:5263)
    at _i (https://scripts.clarity.ms/0.8.66/clarity.js:1:24361)
    at <anonymous> (https://scripts.clarity.ms/0.8.66/clarity.js:1:25649)
    at <anonymous> (https://scripts.clarity.ms/0.8.66/clarity.js:1:6498)
    at <anonymous> (https://scripts.clarity.ms/0.8.66/clarity.js:1:6603)
    at <anonymous> (https://scripts.clarity.ms/0.8.66/clarity.js:1:5518)
    at $n (https://scripts.clarity.ms/0.8.66/clarity.js:1:5263)
    at Oi (https://scripts.clarity.ms/0.8.66/clarity.js:1:25384)
    at Ir (https://scripts.clarity.ms/0.8.66/clarity.js:1:52601)
    at <anonymous> (https://scripts.clarity.ms/0.8.66/clarity.js:1:52542)
    at <anonymous> (https://scripts.clarity.ms/0.8.66/clarity.js:1:6498)
    at <anonymous> (https://scripts.clarity.ms/0.8.66/clarity.js:1:6603)
    at <anonymous> (https://scripts.clarity.ms/0.8.66/clarity.js:1:5518)
    at $n (https://scripts.clarity.ms/0.8.66/clarity.js:1:5263)
    at xr (https://scripts.clarity.ms/0.8.66/clarity.js:1:52301)
    at Mi (https://scripts.clarity.ms/0.8.66/clarity.js:1:24288)
    at <anonymous> (https://scripts.clarity.ms/0.8.66/clarity.js:1:59227)
[   72947ms] [ERROR] Failed to load resource: the server responded with a status of 401 () @ https://api.plane.so/api/users/me/:0
[   73471ms] [ERROR] [PostHog.js] Unique user id has not been set in posthog.identify @ https://app.plane.so/assets/index.client-AdRCtK6q.js:1
[   83424ms] [WARNING] Canvas2D: Multiple readback operations using getImageData are faster with the willReadFrequently attribute set to true. See: https://html.spec.whatwg.org/multipage/canvas.html#concept-canvas-will-read-frequently @ https://app.plane.so/assets/store-context-DyO2L-n0.js:110
[   83719ms] [ERROR] Error: Minified React error #418; visit https://reactjs.org/docs/error-decoder.html?invariant=418 for the full message or use the non-minified dev environment for full errors and additional helpful warnings.
    at Ba (https://app.plane.so/assets/react-dom-CJadCoYo.js:6:4758)
    at Ul (https://app.plane.so/assets/react-dom-CJadCoYo.js:8:45057)
    at Nl (https://app.plane.so/assets/react-dom-CJadCoYo.js:8:39306)
    at Ml (https://app.plane.so/assets/react-dom-CJadCoYo.js:8:39279)
    at _l (https://app.plane.so/assets/react-dom-CJadCoYo.js:8:34367)
    at te (https://app.plane.so/assets/react-dom-CJadCoYo.js:1:2012)
    at MessagePort.se (https://app.plane.so/assets/react-dom-CJadCoYo.js:1:2382) @ https://app.plane.so/assets/index.client-AdRCtK6q.js:1
[   83729ms] Error: Minified React error #418; visit https://reactjs.org/docs/error-decoder.html?invariant=418 for the full message or use the non-minified dev environment for full errors and additional helpful warnings.
    at Ba (https://app.plane.so/assets/react-dom-CJadCoYo.js:6:4758)
    at Ul (https://app.plane.so/assets/react-dom-CJadCoYo.js:8:45057)
    at Nl (https://app.plane.so/assets/react-dom-CJadCoYo.js:8:39306)
    at Ml (https://app.plane.so/assets/react-dom-CJadCoYo.js:8:39279)
    at _l (https://app.plane.so/assets/react-dom-CJadCoYo.js:8:34367)
    at te (https://app.plane.so/assets/react-dom-CJadCoYo.js:1:2012)
    at MessagePort.se (https://app.plane.so/assets/react-dom-CJadCoYo.js:1:2382)
[   83730ms] Error: Minified React error #418; visit https://reactjs.org/docs/error-decoder.html?invariant=418 for the full message or use the non-minified dev environment for full errors and additional helpful warnings.
    at Ba (https://app.plane.so/assets/react-dom-CJadCoYo.js:6:4758)
    at Ul (https://app.plane.so/assets/react-dom-CJadCoYo.js:8:45057)
    at Nl (https://app.plane.so/assets/react-dom-CJadCoYo.js:8:39306)
    at Ml (https://app.plane.so/assets/react-dom-CJadCoYo.js:8:39279)
    at _l (https://app.plane.so/assets/react-dom-CJadCoYo.js:8:34367)
    at te (https://app.plane.so/assets/react-dom-CJadCoYo.js:1:2012)
    at MessagePort.se (https://app.plane.so/assets/react-dom-CJadCoYo.js:1:2382)
[   83730ms] Error: Minified React error #418; visit https://reactjs.org/docs/error-decoder.html?invariant=418 for the full message or use the non-minified dev environment for full errors and additional helpful warnings.
    at Ba (https://app.plane.so/assets/react-dom-CJadCoYo.js:6:4758)
    at Ul (https://app.plane.so/assets/react-dom-CJadCoYo.js:8:45057)
    at Nl (https://app.plane.so/assets/react-dom-CJadCoYo.js:8:39306)
    at Ml (https://app.plane.so/assets/react-dom-CJadCoYo.js:8:39279)
    at _l (https://app.plane.so/assets/react-dom-CJadCoYo.js:8:34367)
    at te (https://app.plane.so/assets/react-dom-CJadCoYo.js:1:2012)
    at MessagePort.se (https://app.plane.so/assets/react-dom-CJadCoYo.js:1:2382)
[   83730ms] Error: Minified React error #418; visit https://reactjs.org/docs/error-decoder.html?invariant=418 for the full message or use the non-minified dev environment for full errors and additional helpful warnings.
    at Ba (https://app.plane.so/assets/react-dom-CJadCoYo.js:6:4758)
    at Ul (https://app.plane.so/assets/react-dom-CJadCoYo.js:8:45057)
    at Nl (https://app.plane.so/assets/react-dom-CJadCoYo.js:8:39306)
    at Ml (https://app.plane.so/assets/react-dom-CJadCoYo.js:8:39279)
    at _l (https://app.plane.so/assets/react-dom-CJadCoYo.js:8:34367)
    at te (https://app.plane.so/assets/react-dom-CJadCoYo.js:1:2012)
    at MessagePort.se (https://app.plane.so/assets/react-dom-CJadCoYo.js:1:2382)
[   83730ms] Error: Minified React error #418; visit https://reactjs.org/docs/error-decoder.html?invariant=418 for the full message or use the non-minified dev environment for full errors and additional helpful warnings.
    at Ba (https://app.plane.so/assets/react-dom-CJadCoYo.js:6:4758)
    at Ul (https://app.plane.so/assets/react-dom-CJadCoYo.js:8:45057)
    at Nl (https://app.plane.so/assets/react-dom-CJadCoYo.js:8:39306)
    at Ml (https://app.plane.so/assets/react-dom-CJadCoYo.js:8:39279)
    at _l (https://app.plane.so/assets/react-dom-CJadCoYo.js:8:34367)
    at te (https://app.plane.so/assets/react-dom-CJadCoYo.js:1:2012)
    at MessagePort.se (https://app.plane.so/assets/react-dom-CJadCoYo.js:1:2382)
[   83731ms] Error: Minified React error #418; visit https://reactjs.org/docs/error-decoder.html?invariant=418 for the full message or use the non-minified dev environment for full errors and additional helpful warnings.
    at Ba (https://app.plane.so/assets/react-dom-CJadCoYo.js:6:4758)
    at Ul (https://app.plane.so/assets/react-dom-CJadCoYo.js:8:45057)
    at Nl (https://app.plane.so/assets/react-dom-CJadCoYo.js:8:39306)
    at Ml (https://app.plane.so/assets/react-dom-CJadCoYo.js:8:39279)
    at _l (https://app.plane.so/assets/react-dom-CJadCoYo.js:8:34367)
    at te (https://app.plane.so/assets/react-dom-CJadCoYo.js:1:2012)
    at MessagePort.se (https://app.plane.so/assets/react-dom-CJadCoYo.js:1:2382)
[   83731ms] Error: Minified React error #418; visit https://reactjs.org/docs/error-decoder.html?invariant=418 for the full message or use the non-minified dev environment for full errors and additional helpful warnings.
    at Ba (https://app.plane.so/assets/react-dom-CJadCoYo.js:6:4758)
    at Ul (https://app.plane.so/assets/react-dom-CJadCoYo.js:8:45057)
    at Nl (https://app.plane.so/assets/react-dom-CJadCoYo.js:8:39306)
    at Ml (https://app.plane.so/assets/react-dom-CJadCoYo.js:8:39279)
    at _l (https://app.plane.so/assets/react-dom-CJadCoYo.js:8:34367)
    at te (https://app.plane.so/assets/react-dom-CJadCoYo.js:1:2012)
    at MessagePort.se (https://app.plane.so/assets/react-dom-CJadCoYo.js:1:2382)
[   83732ms] Error: Minified React error #418; visit https://reactjs.org/docs/error-decoder.html?invariant=418 for the full message or use the non-minified dev environment for full errors and additional helpful warnings.
    at Ba (https://app.plane.so/assets/react-dom-CJadCoYo.js:6:4758)
    at Ul (https://app.plane.so/assets/react-dom-CJadCoYo.js:8:45057)
    at Nl (https://app.plane.so/assets/react-dom-CJadCoYo.js:8:39306)
    at Ml (https://app.plane.so/assets/react-dom-CJadCoYo.js:8:39279)
    at _l (https://app.plane.so/assets/react-dom-CJadCoYo.js:8:34367)
    at te (https://app.plane.so/assets/react-dom-CJadCoYo.js:1:2012)
    at MessagePort.se (https://app.plane.so/assets/react-dom-CJadCoYo.js:1:2382)
[   83732ms] Error: Minified React error #418; visit https://reactjs.org/docs/error-decoder.html?invariant=418 for the full message or use the non-minified dev environment for full errors and additional helpful warnings.
    at Ba (https://app.plane.so/assets/react-dom-CJadCoYo.js:6:4758)
    at Ul (https://app.plane.so/assets/react-dom-CJadCoYo.js:8:45057)
    at Nl (https://app.plane.so/assets/react-dom-CJadCoYo.js:8:39306)
    at Ml (https://app.plane.so/assets/react-dom-CJadCoYo.js:8:39279)
    at _l (https://app.plane.so/assets/react-dom-CJadCoYo.js:8:34367)
    at te (https://app.plane.so/assets/react-dom-CJadCoYo.js:1:2012)
    at MessagePort.se (https://app.plane.so/assets/react-dom-CJadCoYo.js:1:2382)
[   83733ms] Error: Minified React error #418; visit https://reactjs.org/docs/error-decoder.html?invariant=418 for the full message or use the non-minified dev environment for full errors and additional helpful warnings.
    at Ba (https://app.plane.so/assets/react-dom-CJadCoYo.js:6:4758)
    at Ul (https://app.plane.so/assets/react-dom-CJadCoYo.js:8:45057)
    at Nl (https://app.plane.so/assets/react-dom-CJadCoYo.js:8:39306)
    at Ml (https://app.plane.so/assets/react-dom-CJadCoYo.js:8:39279)
    at _l (https://app.plane.so/assets/react-dom-CJadCoYo.js:8:34367)
    at te (https://app.plane.so/assets/react-dom-CJadCoYo.js:1:2012)
    at MessagePort.se (https://app.plane.so/assets/react-dom-CJadCoYo.js:1:2382)
[   83733ms] Error: Minified React error #418; visit https://reactjs.org/docs/error-decoder.html?invariant=418 for the full message or use the non-minified dev environment for full errors and additional helpful warnings.
    at Ba (https://app.plane.so/assets/react-dom-CJadCoYo.js:6:4758)
    at Ul (https://app.plane.so/assets/react-dom-CJadCoYo.js:8:45057)
    at Nl (https://app.plane.so/assets/react-dom-CJadCoYo.js:8:39306)
    at Ml (https://app.plane.so/assets/react-dom-CJadCoYo.js:8:39279)
    at _l (https://app.plane.so/assets/react-dom-CJadCoYo.js:8:34367)
    at te (https://app.plane.so/assets/react-dom-CJadCoYo.js:1:2012)
    at MessagePort.se (https://app.plane.so/assets/react-dom-CJadCoYo.js:1:2382)
[   83734ms] Error: Minified React error #418; visit https://reactjs.org/docs/error-decoder.html?invariant=418 for the full message or use the non-minified dev environment for full errors and additional helpful warnings.
    at Ba (https://app.plane.so/assets/react-dom-CJadCoYo.js:6:4758)
    at Ul (https://app.plane.so/assets/react-dom-CJadCoYo.js:8:45057)
    at Nl (https://app.plane.so/assets/react-dom-CJadCoYo.js:8:39306)
    at Ml (https://app.plane.so/assets/react-dom-CJadCoYo.js:8:39279)
    at _l (https://app.plane.so/assets/react-dom-CJadCoYo.js:8:34367)
    at te (https://app.plane.so/assets/react-dom-CJadCoYo.js:1:2012)
    at MessagePort.se (https://app.plane.so/assets/react-dom-CJadCoYo.js:1:2382)
[   83734ms] Error: Minified React error #418; visit https://reactjs.org/docs/error-decoder.html?invariant=418 for the full message or use the non-minified dev environment for full errors and additional helpful warnings.
    at Ba (https://app.plane.so/assets/react-dom-CJadCoYo.js:6:4758)
    at Ul (https://app.plane.so/assets/react-dom-CJadCoYo.js:8:45057)
    at Nl (https://app.plane.so/assets/react-dom-CJadCoYo.js:8:39306)
    at Ml (https://app.plane.so/assets/react-dom-CJadCoYo.js:8:39279)
    at _l (https://app.plane.so/assets/react-dom-CJadCoYo.js:8:34367)
    at te (https://app.plane.so/assets/react-dom-CJadCoYo.js:1:2012)
    at MessagePort.se (https://app.plane.so/assets/react-dom-CJadCoYo.js:1:2382)
[   83735ms] Error: Minified React error #418; visit https://reactjs.org/docs/error-decoder.html?invariant=418 for the full message or use the non-minified dev environment for full errors and additional helpful warnings.
    at Ba (https://app.plane.so/assets/react-dom-CJadCoYo.js:6:4758)
    at Ul (https://app.plane.so/assets/react-dom-CJadCoYo.js:8:45057)
    at Nl (https://app.plane.so/assets/react-dom-CJadCoYo.js:8:39306)
    at Ml (https://app.plane.so/assets/react-dom-CJadCoYo.js:8:39279)
    at _l (https://app.plane.so/assets/react-dom-CJadCoYo.js:8:34367)
    at te (https://app.plane.so/assets/react-dom-CJadCoYo.js:1:2012)
    at MessagePort.se (https://app.plane.so/assets/react-dom-CJadCoYo.js:1:2382)
[   83735ms] Error: Minified React error #418; visit https://reactjs.org/docs/error-decoder.html?invariant=418 for the full message or use the non-minified dev environment for full errors and additional helpful warnings.
    at Ba (https://app.plane.so/assets/react-dom-CJadCoYo.js:6:4758)
    at Ul (https://app.plane.so/assets/react-dom-CJadCoYo.js:8:45057)
    at Nl (https://app.plane.so/assets/react-dom-CJadCoYo.js:8:39306)
    at Ml (https://app.plane.so/assets/react-dom-CJadCoYo.js:8:39279)
    at _l (https://app.plane.so/assets/react-dom-CJadCoYo.js:8:34367)
    at te (https://app.plane.so/assets/react-dom-CJadCoYo.js:1:2012)
    at MessagePort.se (https://app.plane.so/assets/react-dom-CJadCoYo.js:1:2382)
[   83736ms] Error: Minified React error #418; visit https://reactjs.org/docs/error-decoder.html?invariant=418 for the full message or use the non-minified dev environment for full errors and additional helpful warnings.
    at Ba (https://app.plane.so/assets/react-dom-CJadCoYo.js:6:4758)
    at Ul (https://app.plane.so/assets/react-dom-CJadCoYo.js:8:45057)
    at Nl (https://app.plane.so/assets/react-dom-CJadCoYo.js:8:39306)
    at Ml (https://app.plane.so/assets/react-dom-CJadCoYo.js:8:39279)
    at _l (https://app.plane.so/assets/react-dom-CJadCoYo.js:8:34367)
    at te (https://app.plane.so/assets/react-dom-CJadCoYo.js:1:2012)
    at MessagePort.se (https://app.plane.so/assets/react-dom-CJadCoYo.js:1:2382)
[   83736ms] Error: Minified React error #418; visit https://reactjs.org/docs/error-decoder.html?invariant=418 for the full message or use the non-minified dev environment for full errors and additional helpful warnings.
    at Ba (https://app.plane.so/assets/react-dom-CJadCoYo.js:6:4758)
    at Ul (https://app.plane.so/assets/react-dom-CJadCoYo.js:8:45057)
    at Nl (https://app.plane.so/assets/react-dom-CJadCoYo.js:8:39306)
    at Ml (https://app.plane.so/assets/react-dom-CJadCoYo.js:8:39279)
    at _l (https://app.plane.so/assets/react-dom-CJadCoYo.js:8:34367)
    at te (https://app.plane.so/assets/react-dom-CJadCoYo.js:1:2012)
    at MessagePort.se (https://app.plane.so/assets/react-dom-CJadCoYo.js:1:2382)
[   83737ms] Error: Minified React error #418; visit https://reactjs.org/docs/error-decoder.html?invariant=418 for the full message or use the non-minified dev environment for full errors and additional helpful warnings.
    at Ba (https://app.plane.so/assets/react-dom-CJadCoYo.js:6:4758)
    at Ul (https://app.plane.so/assets/react-dom-CJadCoYo.js:8:45057)
    at Nl (https://app.plane.so/assets/react-dom-CJadCoYo.js:8:39306)
    at Ml (https://app.plane.so/assets/react-dom-CJadCoYo.js:8:39279)
    at _l (https://app.plane.so/assets/react-dom-CJadCoYo.js:8:34367)
    at te (https://app.plane.so/assets/react-dom-CJadCoYo.js:1:2012)
    at MessagePort.se (https://app.plane.so/assets/react-dom-CJadCoYo.js:1:2382)
[   83737ms] Error: Minified React error #418; visit https://reactjs.org/docs/error-decoder.html?invariant=418 for the full message or use the non-minified dev environment for full errors and additional helpful warnings.
    at Ba (https://app.plane.so/assets/react-dom-CJadCoYo.js:6:4758)
    at Ul (https://app.plane.so/assets/react-dom-CJadCoYo.js:8:45057)
    at Nl (https://app.plane.so/assets/react-dom-CJadCoYo.js:8:39306)
    at Ml (https://app.plane.so/assets/react-dom-CJadCoYo.js:8:39279)
    at _l (https://app.plane.so/assets/react-dom-CJadCoYo.js:8:34367)
    at te (https://app.plane.so/assets/react-dom-CJadCoYo.js:1:2012)
    at MessagePort.se (https://app.plane.so/assets/react-dom-CJadCoYo.js:1:2382)
[   83738ms] Error: Minified React error #418; visit https://reactjs.org/docs/error-decoder.html?invariant=418 for the full message or use the non-minified dev environment for full errors and additional helpful warnings.
    at Ba (https://app.plane.so/assets/react-dom-CJadCoYo.js:6:4758)
    at Ul (https://app.plane.so/assets/react-dom-CJadCoYo.js:8:45057)
    at Nl (https://app.plane.so/assets/react-dom-CJadCoYo.js:8:39306)
    at Ml (https://app.plane.so/assets/react-dom-CJadCoYo.js:8:39279)
    at _l (https://app.plane.so/assets/react-dom-CJadCoYo.js:8:34367)
    at te (https://app.plane.so/assets/react-dom-CJadCoYo.js:1:2012)
    at MessagePort.se (https://app.plane.so/assets/react-dom-CJadCoYo.js:1:2382)
[   83738ms] Error: Minified React error #418; visit https://reactjs.org/docs/error-decoder.html?invariant=418 for the full message or use the non-minified dev environment for full errors and additional helpful warnings.
    at Ba (https://app.plane.so/assets/react-dom-CJadCoYo.js:6:4758)
    at Ul (https://app.plane.so/assets/react-dom-CJadCoYo.js:8:45057)
    at Nl (https://app.plane.so/assets/react-dom-CJadCoYo.js:8:39306)
    at Ml (https://app.plane.so/assets/react-dom-CJadCoYo.js:8:39279)
    at _l (https://app.plane.so/assets/react-dom-CJadCoYo.js:8:34367)
    at te (https://app.plane.so/assets/react-dom-CJadCoYo.js:1:2012)
    at MessagePort.se (https://app.plane.so/assets/react-dom-CJadCoYo.js:1:2382)
[   83739ms] Error: Minified React error #418; visit https://reactjs.org/docs/error-decoder.html?invariant=418 for the full message or use the non-minified dev environment for full errors and additional helpful warnings.
    at Ba (https://app.plane.so/assets/react-dom-CJadCoYo.js:6:4758)
    at Ul (https://app.plane.so/assets/react-dom-CJadCoYo.js:8:45057)
    at Nl (https://app.plane.so/assets/react-dom-CJadCoYo.js:8:39306)
    at Ml (https://app.plane.so/assets/react-dom-CJadCoYo.js:8:39279)
    at _l (https://app.plane.so/assets/react-dom-CJadCoYo.js:8:34367)
    at te (https://app.plane.so/assets/react-dom-CJadCoYo.js:1:2012)
    at MessagePort.se (https://app.plane.so/assets/react-dom-CJadCoYo.js:1:2382)
[   83739ms] Error: Minified React error #418; visit https://reactjs.org/docs/error-decoder.html?invariant=418 for the full message or use the non-minified dev environment for full errors and additional helpful warnings.
    at Ba (https://app.plane.so/assets/react-dom-CJadCoYo.js:6:4758)
    at Ul (https://app.plane.so/assets/react-dom-CJadCoYo.js:8:45057)
    at Nl (https://app.plane.so/assets/react-dom-CJadCoYo.js:8:39306)
    at Ml (https://app.plane.so/assets/react-dom-CJadCoYo.js:8:39279)
    at _l (https://app.plane.so/assets/react-dom-CJadCoYo.js:8:34367)
    at te (https://app.plane.so/assets/react-dom-CJadCoYo.js:1:2012)
    at MessagePort.se (https://app.plane.so/assets/react-dom-CJadCoYo.js:1:2382)
[   83740ms] Error: Minified React error #418; visit https://reactjs.org/docs/error-decoder.html?invariant=418 for the full message or use the non-minified dev environment for full errors and additional helpful warnings.
    at Ba (https://app.plane.so/assets/react-dom-CJadCoYo.js:6:4758)
    at Ul (https://app.plane.so/assets/react-dom-CJadCoYo.js:8:45057)
    at Nl (https://app.plane.so/assets/react-dom-CJadCoYo.js:8:39306)
    at Ml (https://app.plane.so/assets/react-dom-CJadCoYo.js:8:39279)
    at _l (https://app.plane.so/assets/react-dom-CJadCoYo.js:8:34367)
    at te (https://app.plane.so/assets/react-dom-CJadCoYo.js:1:2012)
    at MessagePort.se (https://app.plane.so/assets/react-dom-CJadCoYo.js:1:2382)
[   83740ms] Error: Minified React error #418; visit https://reactjs.org/docs/error-decoder.html?invariant=418 for the full message or use the non-minified dev environment for full errors and additional helpful warnings.
    at Ba (https://app.plane.so/assets/react-dom-CJadCoYo.js:6:4758)
    at Ul (https://app.plane.so/assets/react-dom-CJadCoYo.js:8:45057)
    at Nl (https://app.plane.so/assets/react-dom-CJadCoYo.js:8:39306)
    at Ml (https://app.plane.so/assets/react-dom-CJadCoYo.js:8:39279)
    at _l (https://app.plane.so/assets/react-dom-CJadCoYo.js:8:34367)
    at te (https://app.plane.so/assets/react-dom-CJadCoYo.js:1:2012)
    at MessagePort.se (https://app.plane.so/assets/react-dom-CJadCoYo.js:1:2382)
[   83741ms] Error: Minified React error #418; visit https://reactjs.org/docs/error-decoder.html?invariant=418 for the full message or use the non-minified dev environment for full errors and additional helpful warnings.
    at Ba (https://app.plane.so/assets/react-dom-CJadCoYo.js:6:4758)
    at Ul (https://app.plane.so/assets/react-dom-CJadCoYo.js:8:45057)
    at Nl (https://app.plane.so/assets/react-dom-CJadCoYo.js:8:39306)
    at Ml (https://app.plane.so/assets/react-dom-CJadCoYo.js:8:39279)
    at _l (https://app.plane.so/assets/react-dom-CJadCoYo.js:8:34367)
    at te (https://app.plane.so/assets/react-dom-CJadCoYo.js:1:2012)
    at MessagePort.se (https://app.plane.so/assets/react-dom-CJadCoYo.js:1:2382)
[   83741ms] Error: Minified React error #418; visit https://reactjs.org/docs/error-decoder.html?invariant=418 for the full message or use the non-minified dev environment for full errors and additional helpful warnings.
    at Ba (https://app.plane.so/assets/react-dom-CJadCoYo.js:6:4758)
    at Ul (https://app.plane.so/assets/react-dom-CJadCoYo.js:8:45057)
    at Nl (https://app.plane.so/assets/react-dom-CJadCoYo.js:8:39306)
    at Ml (https://app.plane.so/assets/react-dom-CJadCoYo.js:8:39279)
    at _l (https://app.plane.so/assets/react-dom-CJadCoYo.js:8:34367)
    at te (https://app.plane.so/assets/react-dom-CJadCoYo.js:1:2012)
    at MessagePort.se (https://app.plane.so/assets/react-dom-CJadCoYo.js:1:2382)
[   83742ms] Error: Minified React error #418; visit https://reactjs.org/docs/error-decoder.html?invariant=418 for the full message or use the non-minified dev environment for full errors and additional helpful warnings.
    at Ba (https://app.plane.so/assets/react-dom-CJadCoYo.js:6:4758)
    at Ul (https://app.plane.so/assets/react-dom-CJadCoYo.js:8:45057)
    at Nl (https://app.plane.so/assets/react-dom-CJadCoYo.js:8:39306)
    at Ml (https://app.plane.so/assets/react-dom-CJadCoYo.js:8:39279)
    at _l (https://app.plane.so/assets/react-dom-CJadCoYo.js:8:34367)
    at te (https://app.plane.so/assets/react-dom-CJadCoYo.js:1:2012)
    at MessagePort.se (https://app.plane.so/assets/react-dom-CJadCoYo.js:1:2382)
[   83742ms] Error: Minified React error #418; visit https://reactjs.org/docs/error-decoder.html?invariant=418 for the full message or use the non-minified dev environment for full errors and additional helpful warnings.
    at Ba (https://app.plane.so/assets/react-dom-CJadCoYo.js:6:4758)
    at Ul (https://app.plane.so/assets/react-dom-CJadCoYo.js:8:45057)
    at Nl (https://app.plane.so/assets/react-dom-CJadCoYo.js:8:39306)
    at Ml (https://app.plane.so/assets/react-dom-CJadCoYo.js:8:39279)
    at _l (https://app.plane.so/assets/react-dom-CJadCoYo.js:8:34367)
    at te (https://app.plane.so/assets/react-dom-CJadCoYo.js:1:2012)
    at MessagePort.se (https://app.plane.so/assets/react-dom-CJadCoYo.js:1:2382)
[   83743ms] Error: Minified React error #418; visit https://reactjs.org/docs/error-decoder.html?invariant=418 for the full message or use the non-minified dev environment for full errors and additional helpful warnings.
    at Ba (https://app.plane.so/assets/react-dom-CJadCoYo.js:6:4758)
    at Ul (https://app.plane.so/assets/react-dom-CJadCoYo.js:8:45057)
    at Nl (https://app.plane.so/assets/react-dom-CJadCoYo.js:8:39306)
    at Ml (https://app.plane.so/assets/react-dom-CJadCoYo.js:8:39279)
    at _l (https://app.plane.so/assets/react-dom-CJadCoYo.js:8:34367)
    at te (https://app.plane.so/assets/react-dom-CJadCoYo.js:1:2012)
    at MessagePort.se (https://app.plane.so/assets/react-dom-CJadCoYo.js:1:2382)
[   83744ms] Error: Minified React error #418; visit https://reactjs.org/docs/error-decoder.html?invariant=418 for the full message or use the non-minified dev environment for full errors and additional helpful warnings.
    at Ba (https://app.plane.so/assets/react-dom-CJadCoYo.js:6:4758)
    at Ul (https://app.plane.so/assets/react-dom-CJadCoYo.js:8:45057)
    at Nl (https://app.plane.so/assets/react-dom-CJadCoYo.js:8:39306)
    at Ml (https://app.plane.so/assets/react-dom-CJadCoYo.js:8:39279)
    at _l (https://app.plane.so/assets/react-dom-CJadCoYo.js:8:34367)
    at te (https://app.plane.so/assets/react-dom-CJadCoYo.js:1:2012)
    at MessagePort.se (https://app.plane.so/assets/react-dom-CJadCoYo.js:1:2382)
[   83744ms] Error: Minified React error #418; visit https://reactjs.org/docs/error-decoder.html?invariant=418 for the full message or use the non-minified dev environment for full errors and additional helpful warnings.
    at Ba (https://app.plane.so/assets/react-dom-CJadCoYo.js:6:4758)
    at Ul (https://app.plane.so/assets/react-dom-CJadCoYo.js:8:45057)
    at Nl (https://app.plane.so/assets/react-dom-CJadCoYo.js:8:39306)
    at Ml (https://app.plane.so/assets/react-dom-CJadCoYo.js:8:39279)
    at _l (https://app.plane.so/assets/react-dom-CJadCoYo.js:8:34367)
    at te (https://app.plane.so/assets/react-dom-CJadCoYo.js:1:2012)
    at MessagePort.se (https://app.plane.so/assets/react-dom-CJadCoYo.js:1:2382)
[   83745ms] Error: Minified React error #418; visit https://reactjs.org/docs/error-decoder.html?invariant=418 for the full message or use the non-minified dev environment for full errors and additional helpful warnings.
    at Ba (https://app.plane.so/assets/react-dom-CJadCoYo.js:6:4758)
    at Ul (https://app.plane.so/assets/react-dom-CJadCoYo.js:8:45057)
    at Nl (https://app.plane.so/assets/react-dom-CJadCoYo.js:8:39306)
    at Ml (https://app.plane.so/assets/react-dom-CJadCoYo.js:8:39279)
    at _l (https://app.plane.so/assets/react-dom-CJadCoYo.js:8:34367)
    at te (https://app.plane.so/assets/react-dom-CJadCoYo.js:1:2012)
    at MessagePort.se (https://app.plane.so/assets/react-dom-CJadCoYo.js:1:2382)
[   83745ms] Error: Minified React error #418; visit https://reactjs.org/docs/error-decoder.html?invariant=418 for the full message or use the non-minified dev environment for full errors and additional helpful warnings.
    at Ba (https://app.plane.so/assets/react-dom-CJadCoYo.js:6:4758)
    at Ul (https://app.plane.so/assets/react-dom-CJadCoYo.js:8:45057)
    at Nl (https://app.plane.so/assets/react-dom-CJadCoYo.js:8:39306)
    at Ml (https://app.plane.so/assets/react-dom-CJadCoYo.js:8:39279)
    at _l (https://app.plane.so/assets/react-dom-CJadCoYo.js:8:34367)
    at te (https://app.plane.so/assets/react-dom-CJadCoYo.js:1:2012)
    at MessagePort.se (https://app.plane.so/assets/react-dom-CJadCoYo.js:1:2382)
[   83746ms] Error: Minified React error #418; visit https://reactjs.org/docs/error-decoder.html?invariant=418 for the full message or use the non-minified dev environment for full errors and additional helpful warnings.
    at Ba (https://app.plane.so/assets/react-dom-CJadCoYo.js:6:4758)
    at Ul (https://app.plane.so/assets/react-dom-CJadCoYo.js:8:45057)
    at Nl (https://app.plane.so/assets/react-dom-CJadCoYo.js:8:39306)
    at Ml (https://app.plane.so/assets/react-dom-CJadCoYo.js:8:39279)
    at _l (https://app.plane.so/assets/react-dom-CJadCoYo.js:8:34367)
    at te (https://app.plane.so/assets/react-dom-CJadCoYo.js:1:2012)
    at MessagePort.se (https://app.plane.so/assets/react-dom-CJadCoYo.js:1:2382)
[   83746ms] Error: Minified React error #418; visit https://reactjs.org/docs/error-decoder.html?invariant=418 for the full message or use the non-minified dev environment for full errors and additional helpful warnings.
    at Ba (https://app.plane.so/assets/react-dom-CJadCoYo.js:6:4758)
    at Ul (https://app.plane.so/assets/react-dom-CJadCoYo.js:8:45057)
    at Nl (https://app.plane.so/assets/react-dom-CJadCoYo.js:8:39306)
    at Ml (https://app.plane.so/assets/react-dom-CJadCoYo.js:8:39279)
    at _l (https://app.plane.so/assets/react-dom-CJadCoYo.js:8:34367)
    at te (https://app.plane.so/assets/react-dom-CJadCoYo.js:1:2012)
    at MessagePort.se (https://app.plane.so/assets/react-dom-CJadCoYo.js:1:2382)
[   83747ms] Error: Minified React error #418; visit https://reactjs.org/docs/error-decoder.html?invariant=418 for the full message or use the non-minified dev environment for full errors and additional helpful warnings.
    at Ba (https://app.plane.so/assets/react-dom-CJadCoYo.js:6:4758)
    at Ul (https://app.plane.so/assets/react-dom-CJadCoYo.js:8:45057)
    at Nl (https://app.plane.so/assets/react-dom-CJadCoYo.js:8:39306)
    at Ml (https://app.plane.so/assets/react-dom-CJadCoYo.js:8:39279)
    at _l (https://app.plane.so/assets/react-dom-CJadCoYo.js:8:34367)
    at te (https://app.plane.so/assets/react-dom-CJadCoYo.js:1:2012)
    at MessagePort.se (https://app.plane.so/assets/react-dom-CJadCoYo.js:1:2382)
[   83747ms] Error: Minified React error #418; visit https://reactjs.org/docs/error-decoder.html?invariant=418 for the full message or use the non-minified dev environment for full errors and additional helpful warnings.
    at Ba (https://app.plane.so/assets/react-dom-CJadCoYo.js:6:4758)
    at Ul (https://app.plane.so/assets/react-dom-CJadCoYo.js:8:45057)
    at Nl (https://app.plane.so/assets/react-dom-CJadCoYo.js:8:39306)
    at Ml (https://app.plane.so/assets/react-dom-CJadCoYo.js:8:39279)
    at _l (https://app.plane.so/assets/react-dom-CJadCoYo.js:8:34367)
    at te (https://app.plane.so/assets/react-dom-CJadCoYo.js:1:2012)
    at MessagePort.se (https://app.plane.so/assets/react-dom-CJadCoYo.js:1:2382)
[   83748ms] Error: Minified React error #418; visit https://reactjs.org/docs/error-decoder.html?invariant=418 for the full message or use the non-minified dev environment for full errors and additional helpful warnings.
    at Ba (https://app.plane.so/assets/react-dom-CJadCoYo.js:6:4758)
    at Ul (https://app.plane.so/assets/react-dom-CJadCoYo.js:8:45057)
    at Nl (https://app.plane.so/assets/react-dom-CJadCoYo.js:8:39306)
    at Ml (https://app.plane.so/assets/react-dom-CJadCoYo.js:8:39279)
    at _l (https://app.plane.so/assets/react-dom-CJadCoYo.js:8:34367)
    at te (https://app.plane.so/assets/react-dom-CJadCoYo.js:1:2012)
    at MessagePort.se (https://app.plane.so/assets/react-dom-CJadCoYo.js:1:2382)
[   83751ms] Error: Minified React error #423; visit https://reactjs.org/docs/error-decoder.html?invariant=423 for the full message or use the non-minified dev environment for full errors and additional helpful warnings.
    at Ul (https://app.plane.so/assets/react-dom-CJadCoYo.js:8:44720)
    at Nl (https://app.plane.so/assets/react-dom-CJadCoYo.js:8:39306)
    at jl (https://app.plane.so/assets/react-dom-CJadCoYo.js:8:39237)
    at Al (https://app.plane.so/assets/react-dom-CJadCoYo.js:8:39097)
    at vl (https://app.plane.so/assets/react-dom-CJadCoYo.js:8:35533)
    at _l (https://app.plane.so/assets/react-dom-CJadCoYo.js:8:34499)
    at te (https://app.plane.so/assets/react-dom-CJadCoYo.js:1:2012)
    at MessagePort.se (https://app.plane.so/assets/react-dom-CJadCoYo.js:1:2382)
[   83785ms] Uncaught (in promise) TypeError: Cannot read properties of undefined (reading 'children')
    at Bi (https://scripts.clarity.ms/0.8.66/clarity.js:1:38439)
    at Yi (https://scripts.clarity.ms/0.8.66/clarity.js:1:30441)
    at <anonymous> (https://scripts.clarity.ms/0.8.66/clarity.js:1:26747)
    at <anonymous> (https://scripts.clarity.ms/0.8.66/clarity.js:1:6498)
    at <anonymous> (https://scripts.clarity.ms/0.8.66/clarity.js:1:6603)
    at <anonymous> (https://scripts.clarity.ms/0.8.66/clarity.js:1:5518)
    at $n (https://scripts.clarity.ms/0.8.66/clarity.js:1:5263)
    at Ii (https://scripts.clarity.ms/0.8.66/clarity.js:1:26456)
    at <anonymous> (https://scripts.clarity.ms/0.8.66/clarity.js:1:25321)
    at <anonymous> (https://scripts.clarity.ms/0.8.66/clarity.js:1:6498)
    at <anonymous> (https://scripts.clarity.ms/0.8.66/clarity.js:1:6603)
    at <anonymous> (https://scripts.clarity.ms/0.8.66/clarity.js:1:5518)
    at $n (https://scripts.clarity.ms/0.8.66/clarity.js:1:5263)
    at _i (https://scripts.clarity.ms/0.8.66/clarity.js:1:24361)
    at <anonymous> (https://scripts.clarity.ms/0.8.66/clarity.js:1:25649)
    at <anonymous> (https://scripts.clarity.ms/0.8.66/clarity.js:1:6498)
    at <anonymous> (https://scripts.clarity.ms/0.8.66/clarity.js:1:6603)
    at <anonymous> (https://scripts.clarity.ms/0.8.66/clarity.js:1:5518)
    at $n (https://scripts.clarity.ms/0.8.66/clarity.js:1:5263)
    at Oi (https://scripts.clarity.ms/0.8.66/clarity.js:1:25384)
    at Ir (https://scripts.clarity.ms/0.8.66/clarity.js:1:52601)
    at <anonymous> (https://scripts.clarity.ms/0.8.66/clarity.js:1:52542)
    at <anonymous> (https://scripts.clarity.ms/0.8.66/clarity.js:1:6498)
    at <anonymous> (https://scripts.clarity.ms/0.8.66/clarity.js:1:6603)
    at <anonymous> (https://scripts.clarity.ms/0.8.66/clarity.js:1:5518)
    at $n (https://scripts.clarity.ms/0.8.66/clarity.js:1:5263)
    at xr (https://scripts.clarity.ms/0.8.66/clarity.js:1:52301)
    at Mi (https://scripts.clarity.ms/0.8.66/clarity.js:1:24288)
    at <anonymous> (https://scripts.clarity.ms/0.8.66/clarity.js:1:59227)
