[     389ms] [WARNING] Canvas2D: Multiple readback operations using getImageData are faster with the willReadFrequently attribute set to true. See: https://html.spec.whatwg.org/multipage/canvas.html#concept-canvas-will-read-frequently @ https://app.plane.so/assets/store-context-DyO2L-n0.js:110
[     552ms] [ERROR] Error: Minified React error #418; visit https://reactjs.org/docs/error-decoder.html?invariant=418 for the full message or use the non-minified dev environment for full errors and additional helpful warnings.
    at Ba (https://app.plane.so/assets/react-dom-CJadCoYo.js:6:4758)
    at Ul (https://app.plane.so/assets/react-dom-CJadCoYo.js:8:45057)
    at Nl (https://app.plane.so/assets/react-dom-CJadCoYo.js:8:39306)
    at Ml (https://app.plane.so/assets/react-dom-CJadCoYo.js:8:39279)
    at _l (https://app.plane.so/assets/react-dom-CJadCoYo.js:8:34367)
    at te (https://app.plane.so/assets/react-dom-CJadCoYo.js:1:2012)
    at MessagePort.se (https://app.plane.so/assets/react-dom-CJadCoYo.js:1:2382) @ https://app.plane.so/assets/index.client-AdRCtK6q.js:1
[     567ms] Error: Minified React error #418; visit https://reactjs.org/docs/error-decoder.html?invariant=418 for the full message or use the non-minified dev environment for full errors and additional helpful warnings.
    at Ba (https://app.plane.so/assets/react-dom-CJadCoYo.js:6:4758)
    at Ul (https://app.plane.so/assets/react-dom-CJadCoYo.js:8:45057)
    at Nl (https://app.plane.so/assets/react-dom-CJadCoYo.js:8:39306)
    at Ml (https://app.plane.so/assets/react-dom-CJadCoYo.js:8:39279)
    at _l (https://app.plane.so/assets/react-dom-CJadCoYo.js:8:34367)
    at te (https://app.plane.so/assets/react-dom-CJadCoYo.js:1:2012)
    at MessagePort.se (https://app.plane.so/assets/react-dom-CJadCoYo.js:1:2382)
[     567ms] Error: Minified React error #418; visit https://reactjs.org/docs/error-decoder.html?invariant=418 for the full message or use the non-minified dev environment for full errors and additional helpful warnings.
    at Ba (https://app.plane.so/assets/react-dom-CJadCoYo.js:6:4758)
    at Ul (https://app.plane.so/assets/react-dom-CJadCoYo.js:8:45057)
    at Nl (https://app.plane.so/assets/react-dom-CJadCoYo.js:8:39306)
    at Ml (https://app.plane.so/assets/react-dom-CJadCoYo.js:8:39279)
    at _l (https://app.plane.so/assets/react-dom-CJadCoYo.js:8:34367)
    at te (https://app.plane.so/assets/react-dom-CJadCoYo.js:1:2012)
    at MessagePort.se (https://app.plane.so/assets/react-dom-CJadCoYo.js:1:2382)
[     568ms] Error: Minified React error #418; visit https://reactjs.org/docs/error-decoder.html?invariant=418 for the full message or use the non-minified dev environment for full errors and additional helpful warnings.
    at Ba (https://app.plane.so/assets/react-dom-CJadCoYo.js:6:4758)
    at Ul (https://app.plane.so/assets/react-dom-CJadCoYo.js:8:45057)
    at Nl (https://app.plane.so/assets/react-dom-CJadCoYo.js:8:39306)
    at Ml (https://app.plane.so/assets/react-dom-CJadCoYo.js:8:39279)
    at _l (https://app.plane.so/assets/react-dom-CJadCoYo.js:8:34367)
    at te (https://app.plane.so/assets/react-dom-CJadCoYo.js:1:2012)
    at MessagePort.se (https://app.plane.so/assets/react-dom-CJadCoYo.js:1:2382)
[     568ms] Error: Minified React error #418; visit https://reactjs.org/docs/error-decoder.html?invariant=418 for the full message or use the non-minified dev environment for full errors and additional helpful warnings.
    at Ba (https://app.plane.so/assets/react-dom-CJadCoYo.js:6:4758)
    at Ul (https://app.plane.so/assets/react-dom-CJadCoYo.js:8:45057)
    at Nl (https://app.plane.so/assets/react-dom-CJadCoYo.js:8:39306)
    at Ml (https://app.plane.so/assets/react-dom-CJadCoYo.js:8:39279)
    at _l (https://app.plane.so/assets/react-dom-CJadCoYo.js:8:34367)
    at te (https://app.plane.so/assets/react-dom-CJadCoYo.js:1:2012)
    at MessagePort.se (https://app.plane.so/assets/react-dom-CJadCoYo.js:1:2382)
[     568ms] Error: Minified React error #418; visit https://reactjs.org/docs/error-decoder.html?invariant=418 for the full message or use the non-minified dev environment for full errors and additional helpful warnings.
    at Ba (https://app.plane.so/assets/react-dom-CJadCoYo.js:6:4758)
    at Ul (https://app.plane.so/assets/react-dom-CJadCoYo.js:8:45057)
    at Nl (https://app.plane.so/assets/react-dom-CJadCoYo.js:8:39306)
    at Ml (https://app.plane.so/assets/react-dom-CJadCoYo.js:8:39279)
    at _l (https://app.plane.so/assets/react-dom-CJadCoYo.js:8:34367)
    at te (https://app.plane.so/assets/react-dom-CJadCoYo.js:1:2012)
    at MessagePort.se (https://app.plane.so/assets/react-dom-CJadCoYo.js:1:2382)
[     569ms] Error: Minified React error #418; visit https://reactjs.org/docs/error-decoder.html?invariant=418 for the full message or use the non-minified dev environment for full errors and additional helpful warnings.
    at Ba (https://app.plane.so/assets/react-dom-CJadCoYo.js:6:4758)
    at Ul (https://app.plane.so/assets/react-dom-CJadCoYo.js:8:45057)
    at Nl (https://app.plane.so/assets/react-dom-CJadCoYo.js:8:39306)
    at Ml (https://app.plane.so/assets/react-dom-CJadCoYo.js:8:39279)
    at _l (https://app.plane.so/assets/react-dom-CJadCoYo.js:8:34367)
    at te (https://app.plane.so/assets/react-dom-CJadCoYo.js:1:2012)
    at MessagePort.se (https://app.plane.so/assets/react-dom-CJadCoYo.js:1:2382)
[     569ms] Error: Minified React error #418; visit https://reactjs.org/docs/error-decoder.html?invariant=418 for the full message or use the non-minified dev environment for full errors and additional helpful warnings.
    at Ba (https://app.plane.so/assets/react-dom-CJadCoYo.js:6:4758)
    at Ul (https://app.plane.so/assets/react-dom-CJadCoYo.js:8:45057)
    at Nl (https://app.plane.so/assets/react-dom-CJadCoYo.js:8:39306)
    at Ml (https://app.plane.so/assets/react-dom-CJadCoYo.js:8:39279)
    at _l (https://app.plane.so/assets/react-dom-CJadCoYo.js:8:34367)
    at te (https://app.plane.so/assets/react-dom-CJadCoYo.js:1:2012)
    at MessagePort.se (https://app.plane.so/assets/react-dom-CJadCoYo.js:1:2382)
[     569ms] Error: Minified React error #418; visit https://reactjs.org/docs/error-decoder.html?invariant=418 for the full message or use the non-minified dev environment for full errors and additional helpful warnings.
    at Ba (https://app.plane.so/assets/react-dom-CJadCoYo.js:6:4758)
    at Ul (https://app.plane.so/assets/react-dom-CJadCoYo.js:8:45057)
    at Nl (https://app.plane.so/assets/react-dom-CJadCoYo.js:8:39306)
    at Ml (https://app.plane.so/assets/react-dom-CJadCoYo.js:8:39279)
    at _l (https://app.plane.so/assets/react-dom-CJadCoYo.js:8:34367)
    at te (https://app.plane.so/assets/react-dom-CJadCoYo.js:1:2012)
    at MessagePort.se (https://app.plane.so/assets/react-dom-CJadCoYo.js:1:2382)
[     569ms] Error: Minified React error #418; visit https://reactjs.org/docs/error-decoder.html?invariant=418 for the full message or use the non-minified dev environment for full errors and additional helpful warnings.
    at Ba (https://app.plane.so/assets/react-dom-CJadCoYo.js:6:4758)
    at Ul (https://app.plane.so/assets/react-dom-CJadCoYo.js:8:45057)
    at Nl (https://app.plane.so/assets/react-dom-CJadCoYo.js:8:39306)
    at Ml (https://app.plane.so/assets/react-dom-CJadCoYo.js:8:39279)
    at _l (https://app.plane.so/assets/react-dom-CJadCoYo.js:8:34367)
    at te (https://app.plane.so/assets/react-dom-CJadCoYo.js:1:2012)
    at MessagePort.se (https://app.plane.so/assets/react-dom-CJadCoYo.js:1:2382)
[     569ms] Error: Minified React error #418; visit https://reactjs.org/docs/error-decoder.html?invariant=418 for the full message or use the non-minified dev environment for full errors and additional helpful warnings.
    at Ba (https://app.plane.so/assets/react-dom-CJadCoYo.js:6:4758)
    at Ul (https://app.plane.so/assets/react-dom-CJadCoYo.js:8:45057)
    at Nl (https://app.plane.so/assets/react-dom-CJadCoYo.js:8:39306)
    at Ml (https://app.plane.so/assets/react-dom-CJadCoYo.js:8:39279)
    at _l (https://app.plane.so/assets/react-dom-CJadCoYo.js:8:34367)
    at te (https://app.plane.so/assets/react-dom-CJadCoYo.js:1:2012)
    at MessagePort.se (https://app.plane.so/assets/react-dom-CJadCoYo.js:1:2382)
[     570ms] Error: Minified React error #418; visit https://reactjs.org/docs/error-decoder.html?invariant=418 for the full message or use the non-minified dev environment for full errors and additional helpful warnings.
    at Ba (https://app.plane.so/assets/react-dom-CJadCoYo.js:6:4758)
    at Ul (https://app.plane.so/assets/react-dom-CJadCoYo.js:8:45057)
    at Nl (https://app.plane.so/assets/react-dom-CJadCoYo.js:8:39306)
    at Ml (https://app.plane.so/assets/react-dom-CJadCoYo.js:8:39279)
    at _l (https://app.plane.so/assets/react-dom-CJadCoYo.js:8:34367)
    at te (https://app.plane.so/assets/react-dom-CJadCoYo.js:1:2012)
    at MessagePort.se (https://app.plane.so/assets/react-dom-CJadCoYo.js:1:2382)
[     570ms] Error: Minified React error #418; visit https://reactjs.org/docs/error-decoder.html?invariant=418 for the full message or use the non-minified dev environment for full errors and additional helpful warnings.
    at Ba (https://app.plane.so/assets/react-dom-CJadCoYo.js:6:4758)
    at Ul (https://app.plane.so/assets/react-dom-CJadCoYo.js:8:45057)
    at Nl (https://app.plane.so/assets/react-dom-CJadCoYo.js:8:39306)
    at Ml (https://app.plane.so/assets/react-dom-CJadCoYo.js:8:39279)
    at _l (https://app.plane.so/assets/react-dom-CJadCoYo.js:8:34367)
    at te (https://app.plane.so/assets/react-dom-CJadCoYo.js:1:2012)
    at MessagePort.se (https://app.plane.so/assets/react-dom-CJadCoYo.js:1:2382)
[     571ms] Error: Minified React error #418; visit https://reactjs.org/docs/error-decoder.html?invariant=418 for the full message or use the non-minified dev environment for full errors and additional helpful warnings.
    at Ba (https://app.plane.so/assets/react-dom-CJadCoYo.js:6:4758)
    at Ul (https://app.plane.so/assets/react-dom-CJadCoYo.js:8:45057)
    at Nl (https://app.plane.so/assets/react-dom-CJadCoYo.js:8:39306)
    at Ml (https://app.plane.so/assets/react-dom-CJadCoYo.js:8:39279)
    at _l (https://app.plane.so/assets/react-dom-CJadCoYo.js:8:34367)
    at te (https://app.plane.so/assets/react-dom-CJadCoYo.js:1:2012)
    at MessagePort.se (https://app.plane.so/assets/react-dom-CJadCoYo.js:1:2382)
[     572ms] Error: Minified React error #418; visit https://reactjs.org/docs/error-decoder.html?invariant=418 for the full message or use the non-minified dev environment for full errors and additional helpful warnings.
    at Ba (https://app.plane.so/assets/react-dom-CJadCoYo.js:6:4758)
    at Ul (https://app.plane.so/assets/react-dom-CJadCoYo.js:8:45057)
    at Nl (https://app.plane.so/assets/react-dom-CJadCoYo.js:8:39306)
    at Ml (https://app.plane.so/assets/react-dom-CJadCoYo.js:8:39279)
    at _l (https://app.plane.so/assets/react-dom-CJadCoYo.js:8:34367)
    at te (https://app.plane.so/assets/react-dom-CJadCoYo.js:1:2012)
    at MessagePort.se (https://app.plane.so/assets/react-dom-CJadCoYo.js:1:2382)
[     572ms] Error: Minified React error #418; visit https://reactjs.org/docs/error-decoder.html?invariant=418 for the full message or use the non-minified dev environment for full errors and additional helpful warnings.
    at Ba (https://app.plane.so/assets/react-dom-CJadCoYo.js:6:4758)
    at Ul (https://app.plane.so/assets/react-dom-CJadCoYo.js:8:45057)
    at Nl (https://app.plane.so/assets/react-dom-CJadCoYo.js:8:39306)
    at Ml (https://app.plane.so/assets/react-dom-CJadCoYo.js:8:39279)
    at _l (https://app.plane.so/assets/react-dom-CJadCoYo.js:8:34367)
    at te (https://app.plane.so/assets/react-dom-CJadCoYo.js:1:2012)
    at MessagePort.se (https://app.plane.so/assets/react-dom-CJadCoYo.js:1:2382)
[     572ms] Error: Minified React error #418; visit https://reactjs.org/docs/error-decoder.html?invariant=418 for the full message or use the non-minified dev environment for full errors and additional helpful warnings.
    at Ba (https://app.plane.so/assets/react-dom-CJadCoYo.js:6:4758)
    at Ul (https://app.plane.so/assets/react-dom-CJadCoYo.js:8:45057)
    at Nl (https://app.plane.so/assets/react-dom-CJadCoYo.js:8:39306)
    at Ml (https://app.plane.so/assets/react-dom-CJadCoYo.js:8:39279)
    at _l (https://app.plane.so/assets/react-dom-CJadCoYo.js:8:34367)
    at te (https://app.plane.so/assets/react-dom-CJadCoYo.js:1:2012)
    at MessagePort.se (https://app.plane.so/assets/react-dom-CJadCoYo.js:1:2382)
[     573ms] Error: Minified React error #418; visit https://reactjs.org/docs/error-decoder.html?invariant=418 for the full message or use the non-minified dev environment for full errors and additional helpful warnings.
    at Ba (https://app.plane.so/assets/react-dom-CJadCoYo.js:6:4758)
    at Ul (https://app.plane.so/assets/react-dom-CJadCoYo.js:8:45057)
    at Nl (https://app.plane.so/assets/react-dom-CJadCoYo.js:8:39306)
    at Ml (https://app.plane.so/assets/react-dom-CJadCoYo.js:8:39279)
    at _l (https://app.plane.so/assets/react-dom-CJadCoYo.js:8:34367)
    at te (https://app.plane.so/assets/react-dom-CJadCoYo.js:1:2012)
    at MessagePort.se (https://app.plane.so/assets/react-dom-CJadCoYo.js:1:2382)
[     573ms] Error: Minified React error #418; visit https://reactjs.org/docs/error-decoder.html?invariant=418 for the full message or use the non-minified dev environment for full errors and additional helpful warnings.
    at Ba (https://app.plane.so/assets/react-dom-CJadCoYo.js:6:4758)
    at Ul (https://app.plane.so/assets/react-dom-CJadCoYo.js:8:45057)
    at Nl (https://app.plane.so/assets/react-dom-CJadCoYo.js:8:39306)
    at Ml (https://app.plane.so/assets/react-dom-CJadCoYo.js:8:39279)
    at _l (https://app.plane.so/assets/react-dom-CJadCoYo.js:8:34367)
    at te (https://app.plane.so/assets/react-dom-CJadCoYo.js:1:2012)
    at MessagePort.se (https://app.plane.so/assets/react-dom-CJadCoYo.js:1:2382)
[     573ms] Error: Minified React error #418; visit https://reactjs.org/docs/error-decoder.html?invariant=418 for the full message or use the non-minified dev environment for full errors and additional helpful warnings.
    at Ba (https://app.plane.so/assets/react-dom-CJadCoYo.js:6:4758)
    at Ul (https://app.plane.so/assets/react-dom-CJadCoYo.js:8:45057)
    at Nl (https://app.plane.so/assets/react-dom-CJadCoYo.js:8:39306)
    at Ml (https://app.plane.so/assets/react-dom-CJadCoYo.js:8:39279)
    at _l (https://app.plane.so/assets/react-dom-CJadCoYo.js:8:34367)
    at te (https://app.plane.so/assets/react-dom-CJadCoYo.js:1:2012)
    at MessagePort.se (https://app.plane.so/assets/react-dom-CJadCoYo.js:1:2382)
[     574ms] Error: Minified React error #418; visit https://reactjs.org/docs/error-decoder.html?invariant=418 for the full message or use the non-minified dev environment for full errors and additional helpful warnings.
    at Ba (https://app.plane.so/assets/react-dom-CJadCoYo.js:6:4758)
    at Ul (https://app.plane.so/assets/react-dom-CJadCoYo.js:8:45057)
    at Nl (https://app.plane.so/assets/react-dom-CJadCoYo.js:8:39306)
    at Ml (https://app.plane.so/assets/react-dom-CJadCoYo.js:8:39279)
    at _l (https://app.plane.so/assets/react-dom-CJadCoYo.js:8:34367)
    at te (https://app.plane.so/assets/react-dom-CJadCoYo.js:1:2012)
    at MessagePort.se (https://app.plane.so/assets/react-dom-CJadCoYo.js:1:2382)
[     574ms] Error: Minified React error #418; visit https://reactjs.org/docs/error-decoder.html?invariant=418 for the full message or use the non-minified dev environment for full errors and additional helpful warnings.
    at Ba (https://app.plane.so/assets/react-dom-CJadCoYo.js:6:4758)
    at Ul (https://app.plane.so/assets/react-dom-CJadCoYo.js:8:45057)
    at Nl (https://app.plane.so/assets/react-dom-CJadCoYo.js:8:39306)
    at Ml (https://app.plane.so/assets/react-dom-CJadCoYo.js:8:39279)
    at _l (https://app.plane.so/assets/react-dom-CJadCoYo.js:8:34367)
    at te (https://app.plane.so/assets/react-dom-CJadCoYo.js:1:2012)
    at MessagePort.se (https://app.plane.so/assets/react-dom-CJadCoYo.js:1:2382)
[     575ms] Error: Minified React error #418; visit https://reactjs.org/docs/error-decoder.html?invariant=418 for the full message or use the non-minified dev environment for full errors and additional helpful warnings.
    at Ba (https://app.plane.so/assets/react-dom-CJadCoYo.js:6:4758)
    at Ul (https://app.plane.so/assets/react-dom-CJadCoYo.js:8:45057)
    at Nl (https://app.plane.so/assets/react-dom-CJadCoYo.js:8:39306)
    at Ml (https://app.plane.so/assets/react-dom-CJadCoYo.js:8:39279)
    at _l (https://app.plane.so/assets/react-dom-CJadCoYo.js:8:34367)
    at te (https://app.plane.so/assets/react-dom-CJadCoYo.js:1:2012)
    at MessagePort.se (https://app.plane.so/assets/react-dom-CJadCoYo.js:1:2382)
[     576ms] Error: Minified React error #418; visit https://reactjs.org/docs/error-decoder.html?invariant=418 for the full message or use the non-minified dev environment for full errors and additional helpful warnings.
    at Ba (https://app.plane.so/assets/react-dom-CJadCoYo.js:6:4758)
    at Ul (https://app.plane.so/assets/react-dom-CJadCoYo.js:8:45057)
    at Nl (https://app.plane.so/assets/react-dom-CJadCoYo.js:8:39306)
    at Ml (https://app.plane.so/assets/react-dom-CJadCoYo.js:8:39279)
    at _l (https://app.plane.so/assets/react-dom-CJadCoYo.js:8:34367)
    at te (https://app.plane.so/assets/react-dom-CJadCoYo.js:1:2012)
    at MessagePort.se (https://app.plane.so/assets/react-dom-CJadCoYo.js:1:2382)
[     576ms] Error: Minified React error #418; visit https://reactjs.org/docs/error-decoder.html?invariant=418 for the full message or use the non-minified dev environment for full errors and additional helpful warnings.
    at Ba (https://app.plane.so/assets/react-dom-CJadCoYo.js:6:4758)
    at Ul (https://app.plane.so/assets/react-dom-CJadCoYo.js:8:45057)
    at Nl (https://app.plane.so/assets/react-dom-CJadCoYo.js:8:39306)
    at Ml (https://app.plane.so/assets/react-dom-CJadCoYo.js:8:39279)
    at _l (https://app.plane.so/assets/react-dom-CJadCoYo.js:8:34367)
    at te (https://app.plane.so/assets/react-dom-CJadCoYo.js:1:2012)
    at MessagePort.se (https://app.plane.so/assets/react-dom-CJadCoYo.js:1:2382)
[     576ms] Error: Minified React error #418; visit https://reactjs.org/docs/error-decoder.html?invariant=418 for the full message or use the non-minified dev environment for full errors and additional helpful warnings.
    at Ba (https://app.plane.so/assets/react-dom-CJadCoYo.js:6:4758)
    at Ul (https://app.plane.so/assets/react-dom-CJadCoYo.js:8:45057)
    at Nl (https://app.plane.so/assets/react-dom-CJadCoYo.js:8:39306)
    at Ml (https://app.plane.so/assets/react-dom-CJadCoYo.js:8:39279)
    at _l (https://app.plane.so/assets/react-dom-CJadCoYo.js:8:34367)
    at te (https://app.plane.so/assets/react-dom-CJadCoYo.js:1:2012)
    at MessagePort.se (https://app.plane.so/assets/react-dom-CJadCoYo.js:1:2382)
[     577ms] Error: Minified React error #418; visit https://reactjs.org/docs/error-decoder.html?invariant=418 for the full message or use the non-minified dev environment for full errors and additional helpful warnings.
    at Ba (https://app.plane.so/assets/react-dom-CJadCoYo.js:6:4758)
    at Ul (https://app.plane.so/assets/react-dom-CJadCoYo.js:8:45057)
    at Nl (https://app.plane.so/assets/react-dom-CJadCoYo.js:8:39306)
    at Ml (https://app.plane.so/assets/react-dom-CJadCoYo.js:8:39279)
    at _l (https://app.plane.so/assets/react-dom-CJadCoYo.js:8:34367)
    at te (https://app.plane.so/assets/react-dom-CJadCoYo.js:1:2012)
    at MessagePort.se (https://app.plane.so/assets/react-dom-CJadCoYo.js:1:2382)
[     577ms] Error: Minified React error #418; visit https://reactjs.org/docs/error-decoder.html?invariant=418 for the full message or use the non-minified dev environment for full errors and additional helpful warnings.
    at Ba (https://app.plane.so/assets/react-dom-CJadCoYo.js:6:4758)
    at Ul (https://app.plane.so/assets/react-dom-CJadCoYo.js:8:45057)
    at Nl (https://app.plane.so/assets/react-dom-CJadCoYo.js:8:39306)
    at Ml (https://app.plane.so/assets/react-dom-CJadCoYo.js:8:39279)
    at _l (https://app.plane.so/assets/react-dom-CJadCoYo.js:8:34367)
    at te (https://app.plane.so/assets/react-dom-CJadCoYo.js:1:2012)
    at MessagePort.se (https://app.plane.so/assets/react-dom-CJadCoYo.js:1:2382)
[     578ms] Error: Minified React error #418; visit https://reactjs.org/docs/error-decoder.html?invariant=418 for the full message or use the non-minified dev environment for full errors and additional helpful warnings.
    at Ba (https://app.plane.so/assets/react-dom-CJadCoYo.js:6:4758)
    at Ul (https://app.plane.so/assets/react-dom-CJadCoYo.js:8:45057)
    at Nl (https://app.plane.so/assets/react-dom-CJadCoYo.js:8:39306)
    at Ml (https://app.plane.so/assets/react-dom-CJadCoYo.js:8:39279)
    at _l (https://app.plane.so/assets/react-dom-CJadCoYo.js:8:34367)
    at te (https://app.plane.so/assets/react-dom-CJadCoYo.js:1:2012)
    at MessagePort.se (https://app.plane.so/assets/react-dom-CJadCoYo.js:1:2382)
[     578ms] Error: Minified React error #418; visit https://reactjs.org/docs/error-decoder.html?invariant=418 for the full message or use the non-minified dev environment for full errors and additional helpful warnings.
    at Ba (https://app.plane.so/assets/react-dom-CJadCoYo.js:6:4758)
    at Ul (https://app.plane.so/assets/react-dom-CJadCoYo.js:8:45057)
    at Nl (https://app.plane.so/assets/react-dom-CJadCoYo.js:8:39306)
    at Ml (https://app.plane.so/assets/react-dom-CJadCoYo.js:8:39279)
    at _l (https://app.plane.so/assets/react-dom-CJadCoYo.js:8:34367)
    at te (https://app.plane.so/assets/react-dom-CJadCoYo.js:1:2012)
    at MessagePort.se (https://app.plane.so/assets/react-dom-CJadCoYo.js:1:2382)
[     579ms] Error: Minified React error #418; visit https://reactjs.org/docs/error-decoder.html?invariant=418 for the full message or use the non-minified dev environment for full errors and additional helpful warnings.
    at Ba (https://app.plane.so/assets/react-dom-CJadCoYo.js:6:4758)
    at Ul (https://app.plane.so/assets/react-dom-CJadCoYo.js:8:45057)
    at Nl (https://app.plane.so/assets/react-dom-CJadCoYo.js:8:39306)
    at Ml (https://app.plane.so/assets/react-dom-CJadCoYo.js:8:39279)
    at _l (https://app.plane.so/assets/react-dom-CJadCoYo.js:8:34367)
    at te (https://app.plane.so/assets/react-dom-CJadCoYo.js:1:2012)
    at MessagePort.se (https://app.plane.so/assets/react-dom-CJadCoYo.js:1:2382)
[     579ms] Error: Minified React error #418; visit https://reactjs.org/docs/error-decoder.html?invariant=418 for the full message or use the non-minified dev environment for full errors and additional helpful warnings.
    at Ba (https://app.plane.so/assets/react-dom-CJadCoYo.js:6:4758)
    at Ul (https://app.plane.so/assets/react-dom-CJadCoYo.js:8:45057)
    at Nl (https://app.plane.so/assets/react-dom-CJadCoYo.js:8:39306)
    at Ml (https://app.plane.so/assets/react-dom-CJadCoYo.js:8:39279)
    at _l (https://app.plane.so/assets/react-dom-CJadCoYo.js:8:34367)
    at te (https://app.plane.so/assets/react-dom-CJadCoYo.js:1:2012)
    at MessagePort.se (https://app.plane.so/assets/react-dom-CJadCoYo.js:1:2382)
[     580ms] Error: Minified React error #418; visit https://reactjs.org/docs/error-decoder.html?invariant=418 for the full message or use the non-minified dev environment for full errors and additional helpful warnings.
    at Ba (https://app.plane.so/assets/react-dom-CJadCoYo.js:6:4758)
    at Ul (https://app.plane.so/assets/react-dom-CJadCoYo.js:8:45057)
    at Nl (https://app.plane.so/assets/react-dom-CJadCoYo.js:8:39306)
    at Ml (https://app.plane.so/assets/react-dom-CJadCoYo.js:8:39279)
    at _l (https://app.plane.so/assets/react-dom-CJadCoYo.js:8:34367)
    at te (https://app.plane.so/assets/react-dom-CJadCoYo.js:1:2012)
    at MessagePort.se (https://app.plane.so/assets/react-dom-CJadCoYo.js:1:2382)
[     580ms] Error: Minified React error #418; visit https://reactjs.org/docs/error-decoder.html?invariant=418 for the full message or use the non-minified dev environment for full errors and additional helpful warnings.
    at Ba (https://app.plane.so/assets/react-dom-CJadCoYo.js:6:4758)
    at Ul (https://app.plane.so/assets/react-dom-CJadCoYo.js:8:45057)
    at Nl (https://app.plane.so/assets/react-dom-CJadCoYo.js:8:39306)
    at Ml (https://app.plane.so/assets/react-dom-CJadCoYo.js:8:39279)
    at _l (https://app.plane.so/assets/react-dom-CJadCoYo.js:8:34367)
    at te (https://app.plane.so/assets/react-dom-CJadCoYo.js:1:2012)
    at MessagePort.se (https://app.plane.so/assets/react-dom-CJadCoYo.js:1:2382)
[     580ms] Error: Minified React error #418; visit https://reactjs.org/docs/error-decoder.html?invariant=418 for the full message or use the non-minified dev environment for full errors and additional helpful warnings.
    at Ba (https://app.plane.so/assets/react-dom-CJadCoYo.js:6:4758)
    at Ul (https://app.plane.so/assets/react-dom-CJadCoYo.js:8:45057)
    at Nl (https://app.plane.so/assets/react-dom-CJadCoYo.js:8:39306)
    at Ml (https://app.plane.so/assets/react-dom-CJadCoYo.js:8:39279)
    at _l (https://app.plane.so/assets/react-dom-CJadCoYo.js:8:34367)
    at te (https://app.plane.so/assets/react-dom-CJadCoYo.js:1:2012)
    at MessagePort.se (https://app.plane.so/assets/react-dom-CJadCoYo.js:1:2382)
[     581ms] Error: Minified React error #418; visit https://reactjs.org/docs/error-decoder.html?invariant=418 for the full message or use the non-minified dev environment for full errors and additional helpful warnings.
    at Ba (https://app.plane.so/assets/react-dom-CJadCoYo.js:6:4758)
    at Ul (https://app.plane.so/assets/react-dom-CJadCoYo.js:8:45057)
    at Nl (https://app.plane.so/assets/react-dom-CJadCoYo.js:8:39306)
    at Ml (https://app.plane.so/assets/react-dom-CJadCoYo.js:8:39279)
    at _l (https://app.plane.so/assets/react-dom-CJadCoYo.js:8:34367)
    at te (https://app.plane.so/assets/react-dom-CJadCoYo.js:1:2012)
    at MessagePort.se (https://app.plane.so/assets/react-dom-CJadCoYo.js:1:2382)
[     581ms] Error: Minified React error #418; visit https://reactjs.org/docs/error-decoder.html?invariant=418 for the full message or use the non-minified dev environment for full errors and additional helpful warnings.
    at Ba (https://app.plane.so/assets/react-dom-CJadCoYo.js:6:4758)
    at Ul (https://app.plane.so/assets/react-dom-CJadCoYo.js:8:45057)
    at Nl (https://app.plane.so/assets/react-dom-CJadCoYo.js:8:39306)
    at Ml (https://app.plane.so/assets/react-dom-CJadCoYo.js:8:39279)
    at _l (https://app.plane.so/assets/react-dom-CJadCoYo.js:8:34367)
    at te (https://app.plane.so/assets/react-dom-CJadCoYo.js:1:2012)
    at MessagePort.se (https://app.plane.so/assets/react-dom-CJadCoYo.js:1:2382)
[     582ms] Error: Minified React error #418; visit https://reactjs.org/docs/error-decoder.html?invariant=418 for the full message or use the non-minified dev environment for full errors and additional helpful warnings.
    at Ba (https://app.plane.so/assets/react-dom-CJadCoYo.js:6:4758)
    at Ul (https://app.plane.so/assets/react-dom-CJadCoYo.js:8:45057)
    at Nl (https://app.plane.so/assets/react-dom-CJadCoYo.js:8:39306)
    at Ml (https://app.plane.so/assets/react-dom-CJadCoYo.js:8:39279)
    at _l (https://app.plane.so/assets/react-dom-CJadCoYo.js:8:34367)
    at te (https://app.plane.so/assets/react-dom-CJadCoYo.js:1:2012)
    at MessagePort.se (https://app.plane.so/assets/react-dom-CJadCoYo.js:1:2382)
[     582ms] Error: Minified React error #418; visit https://reactjs.org/docs/error-decoder.html?invariant=418 for the full message or use the non-minified dev environment for full errors and additional helpful warnings.
    at Ba (https://app.plane.so/assets/react-dom-CJadCoYo.js:6:4758)
    at Ul (https://app.plane.so/assets/react-dom-CJadCoYo.js:8:45057)
    at Nl (https://app.plane.so/assets/react-dom-CJadCoYo.js:8:39306)
    at Ml (https://app.plane.so/assets/react-dom-CJadCoYo.js:8:39279)
    at _l (https://app.plane.so/assets/react-dom-CJadCoYo.js:8:34367)
    at te (https://app.plane.so/assets/react-dom-CJadCoYo.js:1:2012)
    at MessagePort.se (https://app.plane.so/assets/react-dom-CJadCoYo.js:1:2382)
[     583ms] Error: Minified React error #418; visit https://reactjs.org/docs/error-decoder.html?invariant=418 for the full message or use the non-minified dev environment for full errors and additional helpful warnings.
    at Ba (https://app.plane.so/assets/react-dom-CJadCoYo.js:6:4758)
    at Ul (https://app.plane.so/assets/react-dom-CJadCoYo.js:8:45057)
    at Nl (https://app.plane.so/assets/react-dom-CJadCoYo.js:8:39306)
    at Ml (https://app.plane.so/assets/react-dom-CJadCoYo.js:8:39279)
    at _l (https://app.plane.so/assets/react-dom-CJadCoYo.js:8:34367)
    at te (https://app.plane.so/assets/react-dom-CJadCoYo.js:1:2012)
    at MessagePort.se (https://app.plane.so/assets/react-dom-CJadCoYo.js:1:2382)
[     586ms] Error: Minified React error #423; visit https://reactjs.org/docs/error-decoder.html?invariant=423 for the full message or use the non-minified dev environment for full errors and additional helpful warnings.
    at Ul (https://app.plane.so/assets/react-dom-CJadCoYo.js:8:44720)
    at Nl (https://app.plane.so/assets/react-dom-CJadCoYo.js:8:39306)
    at jl (https://app.plane.so/assets/react-dom-CJadCoYo.js:8:39237)
    at Al (https://app.plane.so/assets/react-dom-CJadCoYo.js:8:39097)
    at vl (https://app.plane.so/assets/react-dom-CJadCoYo.js:8:35533)
    at _l (https://app.plane.so/assets/react-dom-CJadCoYo.js:8:34499)
    at te (https://app.plane.so/assets/react-dom-CJadCoYo.js:1:2012)
    at MessagePort.se (https://app.plane.so/assets/react-dom-CJadCoYo.js:1:2382)
[     643ms] Uncaught (in promise) TypeError: Cannot read properties of undefined (reading 'children')
    at Bi (https://scripts.clarity.ms/0.8.66/clarity.js:1:38439)
    at Yi (https://scripts.clarity.ms/0.8.66/clarity.js:1:30441)
    at <anonymous> (https://scripts.clarity.ms/0.8.66/clarity.js:1:26747)
    at <anonymous> (https://scripts.clarity.ms/0.8.66/clarity.js:1:6498)
    at <anonymous> (https://scripts.clarity.ms/0.8.66/clarity.js:1:6603)
    at <anonymous> (https://scripts.clarity.ms/0.8.66/clarity.js:1:5518)
    at $n (https://scripts.clarity.ms/0.8.66/clarity.js:1:5263)
    at Ii (https://scripts.clarity.ms/0.8.66/clarity.js:1:26456)
    at <anonymous> (https://scripts.clarity.ms/0.8.66/clarity.js:1:25321)
    at <anonymous> (https://scripts.clarity.ms/0.8.66/clarity.js:1:6498)
    at <anonymous> (https://scripts.clarity.ms/0.8.66/clarity.js:1:6603)
    at <anonymous> (https://scripts.clarity.ms/0.8.66/clarity.js:1:5518)
    at $n (https://scripts.clarity.ms/0.8.66/clarity.js:1:5263)
    at _i (https://scripts.clarity.ms/0.8.66/clarity.js:1:24361)
    at <anonymous> (https://scripts.clarity.ms/0.8.66/clarity.js:1:25649)
    at <anonymous> (https://scripts.clarity.ms/0.8.66/clarity.js:1:6498)
    at <anonymous> (https://scripts.clarity.ms/0.8.66/clarity.js:1:6603)
    at <anonymous> (https://scripts.clarity.ms/0.8.66/clarity.js:1:5518)
    at $n (https://scripts.clarity.ms/0.8.66/clarity.js:1:5263)
    at Oi (https://scripts.clarity.ms/0.8.66/clarity.js:1:25384)
    at Ir (https://scripts.clarity.ms/0.8.66/clarity.js:1:52601)
    at <anonymous> (https://scripts.clarity.ms/0.8.66/clarity.js:1:52542)
    at <anonymous> (https://scripts.clarity.ms/0.8.66/clarity.js:1:6498)
    at <anonymous> (https://scripts.clarity.ms/0.8.66/clarity.js:1:6603)
    at <anonymous> (https://scripts.clarity.ms/0.8.66/clarity.js:1:5518)
    at $n (https://scripts.clarity.ms/0.8.66/clarity.js:1:5263)
    at xr (https://scripts.clarity.ms/0.8.66/clarity.js:1:52301)
    at Mi (https://scripts.clarity.ms/0.8.66/clarity.js:1:24288)
    at <anonymous> (https://scripts.clarity.ms/0.8.66/clarity.js:1:59227)
[  131459ms] [ERROR] Failed to load resource: net::ERR_NAME_NOT_RESOLVED @ https://apichatwidget.usepylon.com/chatwidget/unreads:0
[  133475ms] [ERROR] Failed to load resource: net::ERR_NAME_NOT_RESOLVED @ https://l.clarity.ms/collect:0
[  133480ms] [ERROR] Failed to load resource: net::ERR_NAME_NOT_RESOLVED @ https://l.clarity.ms/collect:0
[  133482ms] [ERROR] Failed to load resource: net::ERR_NAME_NOT_RESOLVED @ https://l.clarity.ms/collect:0
[  133482ms] [ERROR] Failed to load resource: net::ERR_NAME_NOT_RESOLVED @ https://l.clarity.ms/collect:0
[  158655ms] [ERROR] Failed to load resource: net::ERR_NAME_NOT_RESOLVED @ https://apichatwidget.usepylon.com/chatwidget/unreads:0
[  188656ms] [ERROR] Failed to load resource: net::ERR_NAME_NOT_RESOLVED @ https://apichatwidget.usepylon.com/chatwidget/unreads:0
[  199585ms] [ERROR] Failed to load resource: net::ERR_NAME_NOT_RESOLVED @ https://us.i.posthog.com/i/v0/e/?ip=0&_=1782453912989&ver=1.364.1&compression=gzip-js:0
[  203999ms] [ERROR] Failed to load resource: net::ERR_NAME_NOT_RESOLVED @ https://us.i.posthog.com/i/v0/e/?retry_count=1&ip=0&_=1782453917405&ver=1.364.1&compression=gzip-js:0
[  209580ms] [ERROR] Failed to load resource: net::ERR_NAME_NOT_RESOLVED @ https://us.i.posthog.com/i/v0/e/?ip=0&_=1782453922987&ver=1.364.1&compression=gzip-js:0
[  210008ms] [ERROR] Failed to load resource: net::ERR_NAME_NOT_RESOLVED @ https://us.i.posthog.com/i/v0/e/?retry_count=2&ip=0&_=1782453924819&ver=1.364.1&compression=gzip-js:0
